[0.363s] Invoking command in '/home/john/ros2_ws_winter_devlin/src/robot_simulator_py': PYTHONPATH=/home/john/ros2_ws_winter_devlin/build/robot_simulator_py/prefix_override:/usr/lib/python3/dist-packages/colcon_core/task/python/colcon_distutils_commands:/home/john/ros2_ws_winter_devlin/install/robot_simulator_py/lib/python3.10/site-packages:${PYTHONPATH} /usr/bin/python3 -W ignore:setup.py install is deprecated -W ignore:easy_install command is deprecated setup.py egg_info --egg-base ../../build/robot_simulator_py build --build-base /home/john/ros2_ws_winter_devlin/build/robot_simulator_py/build install --record /home/john/ros2_ws_winter_devlin/build/robot_simulator_py/install.log --single-version-externally-managed install_data
[0.506s] running egg_info
[0.506s] creating ../../build/robot_simulator_py/robot_simulator_py.egg-info
[0.507s] writing ../../build/robot_simulator_py/robot_simulator_py.egg-info/PKG-INFO
[0.507s] writing dependency_links to ../../build/robot_simulator_py/robot_simulator_py.egg-info/dependency_links.txt
[0.507s] writing entry points to ../../build/robot_simulator_py/robot_simulator_py.egg-info/entry_points.txt
[0.507s] writing requirements to ../../build/robot_simulator_py/robot_simulator_py.egg-info/requires.txt
[0.507s] writing top-level names to ../../build/robot_simulator_py/robot_simulator_py.egg-info/top_level.txt
[0.507s] writing manifest file '../../build/robot_simulator_py/robot_simulator_py.egg-info/SOURCES.txt'
[0.508s] reading manifest file '../../build/robot_simulator_py/robot_simulator_py.egg-info/SOURCES.txt'
[0.508s] writing manifest file '../../build/robot_simulator_py/robot_simulator_py.egg-info/SOURCES.txt'
[0.508s] running build
[0.508s] running build_py
[0.508s] creating /home/john/ros2_ws_winter_devlin/build/robot_simulator_py/build
[0.508s] creating /home/john/ros2_ws_winter_devlin/build/robot_simulator_py/build/lib
[0.508s] creating /home/john/ros2_ws_winter_devlin/build/robot_simulator_py/build/lib/robot_simulator_py
[0.509s] copying robot_simulator_py/controller_node.py -> /home/john/ros2_ws_winter_devlin/build/robot_simulator_py/build/lib/robot_simulator_py
[0.509s] copying robot_simulator_py/__init__.py -> /home/john/ros2_ws_winter_devlin/build/robot_simulator_py/build/lib/robot_simulator_py
[0.509s] running install
[0.509s] running install_lib
[0.509s] creating /home/john/ros2_ws_winter_devlin/install/robot_simulator_py/lib/python3.10/site-packages/robot_simulator_py
[0.509s] copying /home/john/ros2_ws_winter_devlin/build/robot_simulator_py/build/lib/robot_simulator_py/controller_node.py -> /home/john/ros2_ws_winter_devlin/install/robot_simulator_py/lib/python3.10/site-packages/robot_simulator_py
[0.509s] copying /home/john/ros2_ws_winter_devlin/build/robot_simulator_py/build/lib/robot_simulator_py/__init__.py -> /home/john/ros2_ws_winter_devlin/install/robot_simulator_py/lib/python3.10/site-packages/robot_simulator_py
[0.509s] byte-compiling /home/john/ros2_ws_winter_devlin/install/robot_simulator_py/lib/python3.10/site-packages/robot_simulator_py/controller_node.py to controller_node.cpython-310.pyc
[0.510s] byte-compiling /home/john/ros2_ws_winter_devlin/install/robot_simulator_py/lib/python3.10/site-packages/robot_simulator_py/__init__.py to __init__.cpython-310.pyc
[0.510s] running install_data
[0.510s] creating /home/john/ros2_ws_winter_devlin/install/robot_simulator_py/share/ament_index
[0.510s] creating /home/john/ros2_ws_winter_devlin/install/robot_simulator_py/share/ament_index/resource_index
[0.510s] creating /home/john/ros2_ws_winter_devlin/install/robot_simulator_py/share/ament_index/resource_index/packages
[0.511s] copying resource/robot_simulator_py -> /home/john/ros2_ws_winter_devlin/install/robot_simulator_py/share/ament_index/resource_index/packages
[0.511s] copying package.xml -> /home/john/ros2_ws_winter_devlin/install/robot_simulator_py/share/robot_simulator_py
[0.511s] running install_egg_info
[0.512s] Copying ../../build/robot_simulator_py/robot_simulator_py.egg-info to /home/john/ros2_ws_winter_devlin/install/robot_simulator_py/lib/python3.10/site-packages/robot_simulator_py-0.0.0-py3.10.egg-info
[0.512s] running install_scripts
[0.525s] Installing controller_node script to /home/john/ros2_ws_winter_devlin/install/robot_simulator_py/lib/robot_simulator_py
[0.525s] writing list of installed files to '/home/john/ros2_ws_winter_devlin/build/robot_simulator_py/install.log'
[0.539s] Invoked command in '/home/john/ros2_ws_winter_devlin/src/robot_simulator_py' returned '0': PYTHONPATH=/home/john/ros2_ws_winter_devlin/build/robot_simulator_py/prefix_override:/usr/lib/python3/dist-packages/colcon_core/task/python/colcon_distutils_commands:/home/john/ros2_ws_winter_devlin/install/robot_simulator_py/lib/python3.10/site-packages:${PYTHONPATH} /usr/bin/python3 -W ignore:setup.py install is deprecated -W ignore:easy_install command is deprecated setup.py egg_info --egg-base ../../build/robot_simulator_py build --build-base /home/john/ros2_ws_winter_devlin/build/robot_simulator_py/build install --record /home/john/ros2_ws_winter_devlin/build/robot_simulator_py/install.log --single-version-externally-managed install_data
