[0.007s] Invoking command in '/home/john/ros2_ws_winter_devlin/build/custom_interfaces': CMAKE_PREFIX_PATH=/opt/ros/humble /usr/bin/cmake /home/john/ros2_ws_winter_devlin/src/custom_interfaces -DCMAKE_INSTALL_PREFIX=/home/john/ros2_ws_winter_devlin/install/custom_interfaces
[0.046s] -- The C compiler identification is GNU 11.4.0
[0.083s] -- The CXX compiler identification is GNU 11.4.0
[0.089s] -- Detecting C compiler ABI info
[0.140s] -- Detecting C compiler ABI info - done
[0.148s] -- Check for working C compiler: /usr/bin/cc - skipped
[0.148s] -- Detecting C compile features
[0.148s] -- Detecting C compile features - done
[0.151s] -- Detecting CXX compiler ABI info
[0.202s] -- Detecting CXX compiler ABI info - done
[0.207s] -- Check for working CXX compiler: /usr/bin/c++ - skipped
[0.207s] -- Detecting CXX compile features
[0.207s] -- Detecting CXX compile features - done
[0.208s] -- Found ament_cmake: 1.3.12 (/opt/ros/humble/share/ament_cmake/cmake)
[0.308s] -- Found Python3: /usr/bin/python3 (found version "3.10.12") found components: Interpreter 
[0.360s] -- Found rclcpp: 16.0.15 (/opt/ros/humble/share/rclcpp/cmake)
[0.383s] -- Found rosidl_generator_c: 3.1.7 (/opt/ros/humble/share/rosidl_generator_c/cmake)
[0.385s] -- Found rosidl_adapter: 3.1.7 (/opt/ros/humble/share/rosidl_adapter/cmake)
[0.389s] -- Found rosidl_generator_cpp: 3.1.7 (/opt/ros/humble/share/rosidl_generator_cpp/cmake)
[0.396s] -- Using all available rosidl_typesupport_c: rosidl_typesupport_fastrtps_c;rosidl_typesupport_introspection_c
[0.404s] -- Using all available rosidl_typesupport_cpp: rosidl_typesupport_fastrtps_cpp;rosidl_typesupport_introspection_cpp
[0.428s] -- Found rmw_implementation_cmake: 6.1.2 (/opt/ros/humble/share/rmw_implementation_cmake/cmake)
[0.429s] -- Found rmw_fastrtps_cpp: 6.2.9 (/opt/ros/humble/share/rmw_fastrtps_cpp/cmake)
[0.488s] -- Found OpenSSL: /usr/lib/x86_64-linux-gnu/libcrypto.so (found version "3.0.2")  
[0.507s] -- Found FastRTPS: /opt/ros/humble/include  
[0.536s] -- Using RMW implementation 'rmw_fastrtps_cpp' as default
[0.540s] -- Looking for pthread.h
[0.588s] -- Looking for pthread.h - found
[0.588s] -- Performing Test CMAKE_HAVE_LIBC_PTHREAD
[0.636s] -- Performing Test CMAKE_HAVE_LIBC_PTHREAD - Success
[0.637s] -- Found Threads: TRUE  
[0.664s] -- Found geometry_msgs: 4.9.0 (/opt/ros/humble/share/geometry_msgs/cmake)
[0.672s] -- Found rosidl_default_generators: 1.2.0 (/opt/ros/humble/share/rosidl_default_generators/cmake)
[0.859s] -- Found ament_cmake_ros: 0.10.0 (/opt/ros/humble/share/ament_cmake_ros/cmake)
[1.104s] -- Using all available rosidl_typesupport_c: rosidl_typesupport_fastrtps_c;rosidl_typesupport_introspection_c
[1.208s] -- Using all available rosidl_typesupport_cpp: rosidl_typesupport_fastrtps_cpp;rosidl_typesupport_introspection_cpp
[1.224s] -- Found PythonInterp: /usr/bin/python3 (found suitable version "3.10.12", minimum required is "3.6") 
[1.225s] -- Found python_cmake_module: 0.10.0 (/opt/ros/humble/share/python_cmake_module/cmake)
[1.243s] -- Found PythonLibs: /usr/lib/x86_64-linux-gnu/libpython3.10.so (found suitable version "3.10.12", minimum required is "3.5") 
[1.243s] -- Using PYTHON_EXECUTABLE: /usr/bin/python3
[1.243s] -- Using PYTHON_INCLUDE_DIRS: /usr/include/python3.10
[1.243s] -- Using PYTHON_LIBRARIES: /usr/lib/x86_64-linux-gnu/libpython3.10.so
[1.258s] -- Found PythonExtra: .so  
[1.295s] -- Configuring done
[1.312s] -- Generating done
[1.319s] -- Build files have been written to: /home/john/ros2_ws_winter_devlin/build/custom_interfaces
[1.327s] Invoked command in '/home/john/ros2_ws_winter_devlin/build/custom_interfaces' returned '0': CMAKE_PREFIX_PATH=/opt/ros/humble /usr/bin/cmake /home/john/ros2_ws_winter_devlin/src/custom_interfaces -DCMAKE_INSTALL_PREFIX=/home/john/ros2_ws_winter_devlin/install/custom_interfaces
[1.328s] Invoking command in '/home/john/ros2_ws_winter_devlin/build/custom_interfaces': CMAKE_PREFIX_PATH=/opt/ros/humble /usr/bin/cmake --build /home/john/ros2_ws_winter_devlin/build/custom_interfaces -- -j20 -l20
[1.357s] [  3%] [34m[1mGenerating C code for ROS interfaces[0m
[1.363s] [  6%] [34m[1mGenerating C++ code for ROS interfaces[0m
[1.367s] [  6%] Built target ament_cmake_python_copy_custom_interfaces
[1.519s] running egg_info
[1.520s] creating custom_interfaces.egg-info
[1.520s] writing custom_interfaces.egg-info/PKG-INFO
[1.520s] writing dependency_links to custom_interfaces.egg-info/dependency_links.txt
[1.520s] writing top-level names to custom_interfaces.egg-info/top_level.txt
[1.520s] writing manifest file 'custom_interfaces.egg-info/SOURCES.txt'
[1.521s] reading manifest file 'custom_interfaces.egg-info/SOURCES.txt'
[1.521s] writing manifest file 'custom_interfaces.egg-info/SOURCES.txt'
[1.522s] [  6%] Built target custom_interfaces__cpp
[1.522s] [  9%] [32mBuilding C object CMakeFiles/custom_interfaces__rosidl_generator_c.dir/rosidl_generator_c/custom_interfaces/srv/detail/reset_position__functions.c.o[0m
[1.530s] [ 19%] [34m[1mGenerating C++ type support dispatch for ROS interfaces[0m
[1.530s] [ 19%] [34m[1mGenerating C++ introspection for ROS interfaces[0m
[1.530s] [ 19%] [34m[1mGenerating C++ type support for eProsima Fast-RTPS[0m
[1.539s] [ 19%] Built target ament_cmake_python_build_custom_interfaces_egg
[1.557s] [ 22%] [32m[1mLinking C shared library libcustom_interfaces__rosidl_generator_c.so[0m
[1.585s] [ 22%] Built target custom_interfaces__rosidl_generator_c
[1.592s] [ 25%] [34m[1mGenerating C type support for eProsima Fast-RTPS[0m
[1.594s] [ 29%] [34m[1mGenerating C introspection for ROS interfaces[0m
[1.594s] [ 32%] [34m[1mGenerating C type support dispatch for ROS interfaces[0m
[1.676s] [ 35%] [32mBuilding CXX object CMakeFiles/custom_interfaces__rosidl_typesupport_cpp.dir/rosidl_typesupport_cpp/custom_interfaces/srv/reset_position__type_support.cpp.o[0m
[1.688s] [ 38%] [32mBuilding CXX object CMakeFiles/custom_interfaces__rosidl_typesupport_introspection_cpp.dir/rosidl_typesupport_introspection_cpp/custom_interfaces/srv/detail/reset_position__type_support.cpp.o[0m
[1.696s] [ 41%] [32mBuilding CXX object CMakeFiles/custom_interfaces__rosidl_typesupport_fastrtps_cpp.dir/rosidl_typesupport_fastrtps_cpp/custom_interfaces/srv/detail/dds_fastrtps/reset_position__type_support.cpp.o[0m
[1.750s] [ 45%] [32mBuilding CXX object CMakeFiles/custom_interfaces__rosidl_typesupport_c.dir/rosidl_typesupport_c/custom_interfaces/srv/reset_position__type_support.cpp.o[0m
[1.766s] [ 48%] [32mBuilding CXX object CMakeFiles/custom_interfaces__rosidl_typesupport_fastrtps_c.dir/rosidl_typesupport_fastrtps_c/custom_interfaces/srv/detail/reset_position__type_support_c.cpp.o[0m
[1.770s] [ 51%] [32mBuilding C object CMakeFiles/custom_interfaces__rosidl_typesupport_introspection_c.dir/rosidl_typesupport_introspection_c/custom_interfaces/srv/detail/reset_position__type_support.c.o[0m
[1.787s] [ 54%] [32m[1mLinking CXX shared library libcustom_interfaces__rosidl_typesupport_c.so[0m
[1.794s] [ 58%] [32m[1mLinking C shared library libcustom_interfaces__rosidl_typesupport_introspection_c.so[0m
[1.821s] [ 58%] Built target custom_interfaces__rosidl_typesupport_c
[1.823s] [ 58%] Built target custom_interfaces__rosidl_typesupport_introspection_c
[1.830s] [ 61%] [32m[1mLinking CXX shared library libcustom_interfaces__rosidl_typesupport_cpp.so[0m
[1.859s] [ 61%] Built target custom_interfaces__rosidl_typesupport_cpp
[1.918s] [ 64%] [32m[1mLinking CXX shared library libcustom_interfaces__rosidl_typesupport_introspection_cpp.so[0m
[1.922s] [ 67%] [32m[1mLinking CXX shared library libcustom_interfaces__rosidl_typesupport_fastrtps_cpp.so[0m
[1.957s] [ 70%] [32m[1mLinking CXX shared library libcustom_interfaces__rosidl_typesupport_fastrtps_c.so[0m
[1.959s] [ 70%] Built target custom_interfaces__rosidl_typesupport_introspection_cpp
[1.971s] [ 70%] Built target custom_interfaces__rosidl_typesupport_fastrtps_cpp
[2.004s] [ 70%] Built target custom_interfaces__rosidl_typesupport_fastrtps_c
[2.018s] [ 70%] Built target custom_interfaces
[2.032s] [ 74%] [34m[1mGenerating Python code for ROS interfaces[0m
[2.222s] [ 74%] Built target custom_interfaces__py
[2.234s] [ 77%] [32mBuilding C object CMakeFiles/custom_interfaces__rosidl_generator_py.dir/rosidl_generator_py/custom_interfaces/srv/_reset_position_s.c.o[0m
[2.293s] [ 80%] [32m[1mLinking C shared library rosidl_generator_py/custom_interfaces/libcustom_interfaces__rosidl_generator_py.so[0m
[2.320s] [ 80%] Built target custom_interfaces__rosidl_generator_py
[2.334s] [ 83%] [32mBuilding C object CMakeFiles/custom_interfaces__rosidl_typesupport_c__pyext.dir/rosidl_generator_py/custom_interfaces/_custom_interfaces_s.ep.rosidl_typesupport_c.c.o[0m
[2.335s] [ 87%] [32mBuilding C object CMakeFiles/custom_interfaces__rosidl_typesupport_introspection_c__pyext.dir/rosidl_generator_py/custom_interfaces/_custom_interfaces_s.ep.rosidl_typesupport_introspection_c.c.o[0m
[2.336s] [ 90%] [32mBuilding C object CMakeFiles/custom_interfaces__rosidl_typesupport_fastrtps_c__pyext.dir/rosidl_generator_py/custom_interfaces/_custom_interfaces_s.ep.rosidl_typesupport_fastrtps_c.c.o[0m
[2.393s] [ 93%] [32m[1mLinking C shared library rosidl_generator_py/custom_interfaces/custom_interfaces_s__rosidl_typesupport_fastrtps_c.cpython-310-x86_64-linux-gnu.so[0m
[2.394s] [ 96%] [32m[1mLinking C shared library rosidl_generator_py/custom_interfaces/custom_interfaces_s__rosidl_typesupport_introspection_c.cpython-310-x86_64-linux-gnu.so[0m
[2.394s] [100%] [32m[1mLinking C shared library rosidl_generator_py/custom_interfaces/custom_interfaces_s__rosidl_typesupport_c.cpython-310-x86_64-linux-gnu.so[0m
[2.418s] [100%] Built target custom_interfaces__rosidl_typesupport_fastrtps_c__pyext
[2.421s] [100%] Built target custom_interfaces__rosidl_typesupport_c__pyext
[2.421s] [100%] Built target custom_interfaces__rosidl_typesupport_introspection_c__pyext
[2.429s] Invoked command in '/home/john/ros2_ws_winter_devlin/build/custom_interfaces' returned '0': CMAKE_PREFIX_PATH=/opt/ros/humble /usr/bin/cmake --build /home/john/ros2_ws_winter_devlin/build/custom_interfaces -- -j20 -l20
[2.436s] Invoking command in '/home/john/ros2_ws_winter_devlin/build/custom_interfaces': CMAKE_PREFIX_PATH=/opt/ros/humble /usr/bin/cmake --install /home/john/ros2_ws_winter_devlin/build/custom_interfaces
[2.441s] -- Install configuration: ""
[2.441s] -- Installing: /home/john/ros2_ws_winter_devlin/install/custom_interfaces/share/ament_index/resource_index/rosidl_interfaces/custom_interfaces
[2.441s] -- Installing: /home/john/ros2_ws_winter_devlin/install/custom_interfaces/include/custom_interfaces/custom_interfaces
[2.441s] -- Installing: /home/john/ros2_ws_winter_devlin/install/custom_interfaces/include/custom_interfaces/custom_interfaces/srv
[2.441s] -- Installing: /home/john/ros2_ws_winter_devlin/install/custom_interfaces/include/custom_interfaces/custom_interfaces/srv/detail
[2.441s] -- Installing: /home/john/ros2_ws_winter_devlin/install/custom_interfaces/include/custom_interfaces/custom_interfaces/srv/detail/reset_position__functions.c
[2.441s] -- Installing: /home/john/ros2_ws_winter_devlin/install/custom_interfaces/include/custom_interfaces/custom_interfaces/srv/detail/reset_position__type_support.h
[2.441s] -- Installing: /home/john/ros2_ws_winter_devlin/install/custom_interfaces/include/custom_interfaces/custom_interfaces/srv/detail/reset_position__struct.h
[2.441s] -- Installing: /home/john/ros2_ws_winter_devlin/install/custom_interfaces/include/custom_interfaces/custom_interfaces/srv/detail/reset_position__functions.h
[2.441s] -- Installing: /home/john/ros2_ws_winter_devlin/install/custom_interfaces/include/custom_interfaces/custom_interfaces/srv/reset_position.h
[2.441s] -- Installing: /home/john/ros2_ws_winter_devlin/install/custom_interfaces/include/custom_interfaces/custom_interfaces/msg
[2.441s] -- Installing: /home/john/ros2_ws_winter_devlin/install/custom_interfaces/include/custom_interfaces/custom_interfaces/msg/rosidl_generator_c__visibility_control.h
[2.441s] -- Installing: /home/john/ros2_ws_winter_devlin/install/custom_interfaces/share/custom_interfaces/environment/library_path.sh
[2.441s] -- Installing: /home/john/ros2_ws_winter_devlin/install/custom_interfaces/share/custom_interfaces/environment/library_path.dsv
[2.441s] -- Installing: /home/john/ros2_ws_winter_devlin/install/custom_interfaces/lib/libcustom_interfaces__rosidl_generator_c.so
[2.442s] -- Set runtime path of "/home/john/ros2_ws_winter_devlin/install/custom_interfaces/lib/libcustom_interfaces__rosidl_generator_c.so" to ""
[2.442s] -- Up-to-date: /home/john/ros2_ws_winter_devlin/install/custom_interfaces/include/custom_interfaces/custom_interfaces
[2.442s] -- Up-to-date: /home/john/ros2_ws_winter_devlin/install/custom_interfaces/include/custom_interfaces/custom_interfaces/srv
[2.442s] -- Up-to-date: /home/john/ros2_ws_winter_devlin/install/custom_interfaces/include/custom_interfaces/custom_interfaces/srv/detail
[2.442s] -- Installing: /home/john/ros2_ws_winter_devlin/install/custom_interfaces/include/custom_interfaces/custom_interfaces/srv/detail/reset_position__rosidl_typesupport_fastrtps_c.h
[2.442s] -- Up-to-date: /home/john/ros2_ws_winter_devlin/install/custom_interfaces/include/custom_interfaces/custom_interfaces/msg
[2.442s] -- Installing: /home/john/ros2_ws_winter_devlin/install/custom_interfaces/include/custom_interfaces/custom_interfaces/msg/rosidl_typesupport_fastrtps_c__visibility_control.h
[2.442s] -- Installing: /home/john/ros2_ws_winter_devlin/install/custom_interfaces/lib/libcustom_interfaces__rosidl_typesupport_fastrtps_c.so
[2.442s] -- Set runtime path of "/home/john/ros2_ws_winter_devlin/install/custom_interfaces/lib/libcustom_interfaces__rosidl_typesupport_fastrtps_c.so" to ""
[2.442s] -- Up-to-date: /home/john/ros2_ws_winter_devlin/install/custom_interfaces/include/custom_interfaces/custom_interfaces
[2.442s] -- Up-to-date: /home/john/ros2_ws_winter_devlin/install/custom_interfaces/include/custom_interfaces/custom_interfaces/srv
[2.442s] -- Up-to-date: /home/john/ros2_ws_winter_devlin/install/custom_interfaces/include/custom_interfaces/custom_interfaces/srv/detail
[2.442s] -- Installing: /home/john/ros2_ws_winter_devlin/install/custom_interfaces/include/custom_interfaces/custom_interfaces/srv/detail/reset_position__traits.hpp
[2.442s] -- Installing: /home/john/ros2_ws_winter_devlin/install/custom_interfaces/include/custom_interfaces/custom_interfaces/srv/detail/reset_position__type_support.hpp
[2.442s] -- Installing: /home/john/ros2_ws_winter_devlin/install/custom_interfaces/include/custom_interfaces/custom_interfaces/srv/detail/reset_position__builder.hpp
[2.442s] -- Installing: /home/john/ros2_ws_winter_devlin/install/custom_interfaces/include/custom_interfaces/custom_interfaces/srv/detail/reset_position__struct.hpp
[2.443s] -- Installing: /home/john/ros2_ws_winter_devlin/install/custom_interfaces/include/custom_interfaces/custom_interfaces/srv/reset_position.hpp
[2.443s] -- Up-to-date: /home/john/ros2_ws_winter_devlin/install/custom_interfaces/include/custom_interfaces/custom_interfaces/msg
[2.443s] -- Installing: /home/john/ros2_ws_winter_devlin/install/custom_interfaces/include/custom_interfaces/custom_interfaces/msg/rosidl_generator_cpp__visibility_control.hpp
[2.443s] -- Up-to-date: /home/john/ros2_ws_winter_devlin/install/custom_interfaces/include/custom_interfaces/custom_interfaces
[2.443s] -- Up-to-date: /home/john/ros2_ws_winter_devlin/install/custom_interfaces/include/custom_interfaces/custom_interfaces/srv
[2.443s] -- Up-to-date: /home/john/ros2_ws_winter_devlin/install/custom_interfaces/include/custom_interfaces/custom_interfaces/srv/detail
[2.443s] -- Installing: /home/john/ros2_ws_winter_devlin/install/custom_interfaces/include/custom_interfaces/custom_interfaces/srv/detail/reset_position__rosidl_typesupport_fastrtps_cpp.hpp
[2.443s] -- Installing: /home/john/ros2_ws_winter_devlin/install/custom_interfaces/include/custom_interfaces/custom_interfaces/srv/detail/dds_fastrtps
[2.443s] -- Up-to-date: /home/john/ros2_ws_winter_devlin/install/custom_interfaces/include/custom_interfaces/custom_interfaces/msg
[2.443s] -- Installing: /home/john/ros2_ws_winter_devlin/install/custom_interfaces/include/custom_interfaces/custom_interfaces/msg/rosidl_typesupport_fastrtps_cpp__visibility_control.h
[2.443s] -- Installing: /home/john/ros2_ws_winter_devlin/install/custom_interfaces/lib/libcustom_interfaces__rosidl_typesupport_fastrtps_cpp.so
[2.443s] -- Set runtime path of "/home/john/ros2_ws_winter_devlin/install/custom_interfaces/lib/libcustom_interfaces__rosidl_typesupport_fastrtps_cpp.so" to ""
[2.443s] -- Up-to-date: /home/john/ros2_ws_winter_devlin/install/custom_interfaces/include/custom_interfaces/custom_interfaces
[2.443s] -- Up-to-date: /home/john/ros2_ws_winter_devlin/install/custom_interfaces/include/custom_interfaces/custom_interfaces/srv
[2.443s] -- Up-to-date: /home/john/ros2_ws_winter_devlin/install/custom_interfaces/include/custom_interfaces/custom_interfaces/srv/detail
[2.443s] -- Installing: /home/john/ros2_ws_winter_devlin/install/custom_interfaces/include/custom_interfaces/custom_interfaces/srv/detail/reset_position__rosidl_typesupport_introspection_c.h
[2.443s] -- Installing: /home/john/ros2_ws_winter_devlin/install/custom_interfaces/include/custom_interfaces/custom_interfaces/srv/detail/reset_position__type_support.c
[2.443s] -- Up-to-date: /home/john/ros2_ws_winter_devlin/install/custom_interfaces/include/custom_interfaces/custom_interfaces/msg
[2.444s] -- Installing: /home/john/ros2_ws_winter_devlin/install/custom_interfaces/include/custom_interfaces/custom_interfaces/msg/rosidl_typesupport_introspection_c__visibility_control.h
[2.444s] -- Installing: /home/john/ros2_ws_winter_devlin/install/custom_interfaces/lib/libcustom_interfaces__rosidl_typesupport_introspection_c.so
[2.444s] -- Set runtime path of "/home/john/ros2_ws_winter_devlin/install/custom_interfaces/lib/libcustom_interfaces__rosidl_typesupport_introspection_c.so" to ""
[2.444s] -- Installing: /home/john/ros2_ws_winter_devlin/install/custom_interfaces/lib/libcustom_interfaces__rosidl_typesupport_c.so
[2.444s] -- Set runtime path of "/home/john/ros2_ws_winter_devlin/install/custom_interfaces/lib/libcustom_interfaces__rosidl_typesupport_c.so" to ""
[2.444s] -- Up-to-date: /home/john/ros2_ws_winter_devlin/install/custom_interfaces/include/custom_interfaces/custom_interfaces
[2.444s] -- Up-to-date: /home/john/ros2_ws_winter_devlin/install/custom_interfaces/include/custom_interfaces/custom_interfaces/srv
[2.444s] -- Up-to-date: /home/john/ros2_ws_winter_devlin/install/custom_interfaces/include/custom_interfaces/custom_interfaces/srv/detail
[2.444s] -- Installing: /home/john/ros2_ws_winter_devlin/install/custom_interfaces/include/custom_interfaces/custom_interfaces/srv/detail/reset_position__rosidl_typesupport_introspection_cpp.hpp
[2.444s] -- Installing: /home/john/ros2_ws_winter_devlin/install/custom_interfaces/include/custom_interfaces/custom_interfaces/srv/detail/reset_position__type_support.cpp
[2.444s] -- Installing: /home/john/ros2_ws_winter_devlin/install/custom_interfaces/lib/libcustom_interfaces__rosidl_typesupport_introspection_cpp.so
[2.444s] -- Set runtime path of "/home/john/ros2_ws_winter_devlin/install/custom_interfaces/lib/libcustom_interfaces__rosidl_typesupport_introspection_cpp.so" to ""
[2.444s] -- Installing: /home/john/ros2_ws_winter_devlin/install/custom_interfaces/lib/libcustom_interfaces__rosidl_typesupport_cpp.so
[2.444s] -- Set runtime path of "/home/john/ros2_ws_winter_devlin/install/custom_interfaces/lib/libcustom_interfaces__rosidl_typesupport_cpp.so" to ""
[2.444s] -- Installing: /home/john/ros2_ws_winter_devlin/install/custom_interfaces/share/custom_interfaces/environment/pythonpath.sh
[2.444s] -- Installing: /home/john/ros2_ws_winter_devlin/install/custom_interfaces/share/custom_interfaces/environment/pythonpath.dsv
[2.444s] -- Installing: /home/john/ros2_ws_winter_devlin/install/custom_interfaces/local/lib/python3.10/dist-packages/custom_interfaces-0.0.0-py3.10.egg-info
[2.444s] -- Installing: /home/john/ros2_ws_winter_devlin/install/custom_interfaces/local/lib/python3.10/dist-packages/custom_interfaces-0.0.0-py3.10.egg-info/dependency_links.txt
[2.445s] -- Installing: /home/john/ros2_ws_winter_devlin/install/custom_interfaces/local/lib/python3.10/dist-packages/custom_interfaces-0.0.0-py3.10.egg-info/SOURCES.txt
[2.445s] -- Installing: /home/john/ros2_ws_winter_devlin/install/custom_interfaces/local/lib/python3.10/dist-packages/custom_interfaces-0.0.0-py3.10.egg-info/top_level.txt
[2.445s] -- Installing: /home/john/ros2_ws_winter_devlin/install/custom_interfaces/local/lib/python3.10/dist-packages/custom_interfaces-0.0.0-py3.10.egg-info/PKG-INFO
[2.445s] -- Installing: /home/john/ros2_ws_winter_devlin/install/custom_interfaces/local/lib/python3.10/dist-packages/custom_interfaces
[2.445s] -- Installing: /home/john/ros2_ws_winter_devlin/install/custom_interfaces/local/lib/python3.10/dist-packages/custom_interfaces/custom_interfaces_s__rosidl_typesupport_c.cpython-310-x86_64-linux-gnu.so
[2.445s] -- Installing: /home/john/ros2_ws_winter_devlin/install/custom_interfaces/local/lib/python3.10/dist-packages/custom_interfaces/srv
[2.445s] -- Installing: /home/john/ros2_ws_winter_devlin/install/custom_interfaces/local/lib/python3.10/dist-packages/custom_interfaces/srv/_reset_position_s.c
[2.445s] -- Installing: /home/john/ros2_ws_winter_devlin/install/custom_interfaces/local/lib/python3.10/dist-packages/custom_interfaces/srv/__init__.py
[2.445s] -- Installing: /home/john/ros2_ws_winter_devlin/install/custom_interfaces/local/lib/python3.10/dist-packages/custom_interfaces/srv/_reset_position.py
[2.445s] -- Installing: /home/john/ros2_ws_winter_devlin/install/custom_interfaces/local/lib/python3.10/dist-packages/custom_interfaces/__init__.py
[2.445s] -- Installing: /home/john/ros2_ws_winter_devlin/install/custom_interfaces/local/lib/python3.10/dist-packages/custom_interfaces/_custom_interfaces_s.ep.rosidl_typesupport_c.c
[2.445s] -- Installing: /home/john/ros2_ws_winter_devlin/install/custom_interfaces/local/lib/python3.10/dist-packages/custom_interfaces/custom_interfaces_s__rosidl_typesupport_fastrtps_c.cpython-310-x86_64-linux-gnu.so
[2.445s] -- Installing: /home/john/ros2_ws_winter_devlin/install/custom_interfaces/local/lib/python3.10/dist-packages/custom_interfaces/custom_interfaces_s__rosidl_typesupport_introspection_c.cpython-310-x86_64-linux-gnu.so
[2.445s] -- Installing: /home/john/ros2_ws_winter_devlin/install/custom_interfaces/local/lib/python3.10/dist-packages/custom_interfaces/_custom_interfaces_s.ep.rosidl_typesupport_introspection_c.c
[2.445s] -- Installing: /home/john/ros2_ws_winter_devlin/install/custom_interfaces/local/lib/python3.10/dist-packages/custom_interfaces/_custom_interfaces_s.ep.rosidl_typesupport_fastrtps_c.c
[2.445s] -- Installing: /home/john/ros2_ws_winter_devlin/install/custom_interfaces/local/lib/python3.10/dist-packages/custom_interfaces/libcustom_interfaces__rosidl_generator_py.so
[2.462s] Listing '/home/john/ros2_ws_winter_devlin/install/custom_interfaces/local/lib/python3.10/dist-packages/custom_interfaces'...
[2.463s] Compiling '/home/john/ros2_ws_winter_devlin/install/custom_interfaces/local/lib/python3.10/dist-packages/custom_interfaces/__init__.py'...
[2.463s] Listing '/home/john/ros2_ws_winter_devlin/install/custom_interfaces/local/lib/python3.10/dist-packages/custom_interfaces/srv'...
[2.463s] Compiling '/home/john/ros2_ws_winter_devlin/install/custom_interfaces/local/lib/python3.10/dist-packages/custom_interfaces/srv/__init__.py'...
[2.463s] Compiling '/home/john/ros2_ws_winter_devlin/install/custom_interfaces/local/lib/python3.10/dist-packages/custom_interfaces/srv/_reset_position.py'...
[2.465s] -- Installing: /home/john/ros2_ws_winter_devlin/install/custom_interfaces/local/lib/python3.10/dist-packages/custom_interfaces/custom_interfaces_s__rosidl_typesupport_fastrtps_c.cpython-310-x86_64-linux-gnu.so
[2.465s] -- Set runtime path of "/home/john/ros2_ws_winter_devlin/install/custom_interfaces/local/lib/python3.10/dist-packages/custom_interfaces/custom_interfaces_s__rosidl_typesupport_fastrtps_c.cpython-310-x86_64-linux-gnu.so" to ""
[2.465s] -- Installing: /home/john/ros2_ws_winter_devlin/install/custom_interfaces/local/lib/python3.10/dist-packages/custom_interfaces/custom_interfaces_s__rosidl_typesupport_introspection_c.cpython-310-x86_64-linux-gnu.so
[2.465s] -- Set runtime path of "/home/john/ros2_ws_winter_devlin/install/custom_interfaces/local/lib/python3.10/dist-packages/custom_interfaces/custom_interfaces_s__rosidl_typesupport_introspection_c.cpython-310-x86_64-linux-gnu.so" to ""
[2.465s] -- Installing: /home/john/ros2_ws_winter_devlin/install/custom_interfaces/local/lib/python3.10/dist-packages/custom_interfaces/custom_interfaces_s__rosidl_typesupport_c.cpython-310-x86_64-linux-gnu.so
[2.466s] -- Set runtime path of "/home/john/ros2_ws_winter_devlin/install/custom_interfaces/local/lib/python3.10/dist-packages/custom_interfaces/custom_interfaces_s__rosidl_typesupport_c.cpython-310-x86_64-linux-gnu.so" to ""
[2.466s] -- Installing: /home/john/ros2_ws_winter_devlin/install/custom_interfaces/lib/libcustom_interfaces__rosidl_generator_py.so
[2.466s] -- Set runtime path of "/home/john/ros2_ws_winter_devlin/install/custom_interfaces/lib/libcustom_interfaces__rosidl_generator_py.so" to ""
[2.466s] -- Installing: /home/john/ros2_ws_winter_devlin/install/custom_interfaces/share/custom_interfaces/srv/ResetPosition.idl
[2.466s] -- Installing: /home/john/ros2_ws_winter_devlin/install/custom_interfaces/share/custom_interfaces/srv/ResetPosition.srv
[2.466s] -- Installing: /home/john/ros2_ws_winter_devlin/install/custom_interfaces/share/custom_interfaces/srv/ResetPosition_Request.msg
[2.466s] -- Installing: /home/john/ros2_ws_winter_devlin/install/custom_interfaces/share/custom_interfaces/srv/ResetPosition_Response.msg
[2.467s] -- Installing: /home/john/ros2_ws_winter_devlin/install/custom_interfaces/share/ament_index/resource_index/package_run_dependencies/custom_interfaces
[2.467s] -- Installing: /home/john/ros2_ws_winter_devlin/install/custom_interfaces/share/ament_index/resource_index/parent_prefix_path/custom_interfaces
[2.467s] -- Installing: /home/john/ros2_ws_winter_devlin/install/custom_interfaces/share/custom_interfaces/environment/ament_prefix_path.sh
[2.467s] -- Installing: /home/john/ros2_ws_winter_devlin/install/custom_interfaces/share/custom_interfaces/environment/ament_prefix_path.dsv
[2.467s] -- Installing: /home/john/ros2_ws_winter_devlin/install/custom_interfaces/share/custom_interfaces/environment/path.sh
[2.467s] -- Installing: /home/john/ros2_ws_winter_devlin/install/custom_interfaces/share/custom_interfaces/environment/path.dsv
[2.467s] -- Installing: /home/john/ros2_ws_winter_devlin/install/custom_interfaces/share/custom_interfaces/local_setup.bash
[2.467s] -- Installing: /home/john/ros2_ws_winter_devlin/install/custom_interfaces/share/custom_interfaces/local_setup.sh
[2.467s] -- Installing: /home/john/ros2_ws_winter_devlin/install/custom_interfaces/share/custom_interfaces/local_setup.zsh
[2.467s] -- Installing: /home/john/ros2_ws_winter_devlin/install/custom_interfaces/share/custom_interfaces/local_setup.dsv
[2.467s] -- Installing: /home/john/ros2_ws_winter_devlin/install/custom_interfaces/share/custom_interfaces/package.dsv
[2.467s] -- Installing: /home/john/ros2_ws_winter_devlin/install/custom_interfaces/share/ament_index/resource_index/packages/custom_interfaces
[2.467s] -- Installing: /home/john/ros2_ws_winter_devlin/install/custom_interfaces/share/custom_interfaces/cmake/export_custom_interfaces__rosidl_generator_cExport.cmake
[2.467s] -- Installing: /home/john/ros2_ws_winter_devlin/install/custom_interfaces/share/custom_interfaces/cmake/export_custom_interfaces__rosidl_generator_cExport-noconfig.cmake
[2.468s] -- Installing: /home/john/ros2_ws_winter_devlin/install/custom_interfaces/share/custom_interfaces/cmake/export_custom_interfaces__rosidl_typesupport_fastrtps_cExport.cmake
[2.468s] -- Installing: /home/john/ros2_ws_winter_devlin/install/custom_interfaces/share/custom_interfaces/cmake/export_custom_interfaces__rosidl_typesupport_fastrtps_cExport-noconfig.cmake
[2.468s] -- Installing: /home/john/ros2_ws_winter_devlin/install/custom_interfaces/share/custom_interfaces/cmake/export_custom_interfaces__rosidl_generator_cppExport.cmake
[2.468s] -- Installing: /home/john/ros2_ws_winter_devlin/install/custom_interfaces/share/custom_interfaces/cmake/export_custom_interfaces__rosidl_typesupport_fastrtps_cppExport.cmake
[2.468s] -- Installing: /home/john/ros2_ws_winter_devlin/install/custom_interfaces/share/custom_interfaces/cmake/export_custom_interfaces__rosidl_typesupport_fastrtps_cppExport-noconfig.cmake
[2.468s] -- Installing: /home/john/ros2_ws_winter_devlin/install/custom_interfaces/share/custom_interfaces/cmake/custom_interfaces__rosidl_typesupport_introspection_cExport.cmake
[2.468s] -- Installing: /home/john/ros2_ws_winter_devlin/install/custom_interfaces/share/custom_interfaces/cmake/custom_interfaces__rosidl_typesupport_introspection_cExport-noconfig.cmake
[2.468s] -- Installing: /home/john/ros2_ws_winter_devlin/install/custom_interfaces/share/custom_interfaces/cmake/custom_interfaces__rosidl_typesupport_cExport.cmake
[2.468s] -- Installing: /home/john/ros2_ws_winter_devlin/install/custom_interfaces/share/custom_interfaces/cmake/custom_interfaces__rosidl_typesupport_cExport-noconfig.cmake
[2.468s] -- Installing: /home/john/ros2_ws_winter_devlin/install/custom_interfaces/share/custom_interfaces/cmake/custom_interfaces__rosidl_typesupport_introspection_cppExport.cmake
[2.468s] -- Installing: /home/john/ros2_ws_winter_devlin/install/custom_interfaces/share/custom_interfaces/cmake/custom_interfaces__rosidl_typesupport_introspection_cppExport-noconfig.cmake
[2.468s] -- Installing: /home/john/ros2_ws_winter_devlin/install/custom_interfaces/share/custom_interfaces/cmake/custom_interfaces__rosidl_typesupport_cppExport.cmake
[2.468s] -- Installing: /home/john/ros2_ws_winter_devlin/install/custom_interfaces/share/custom_interfaces/cmake/custom_interfaces__rosidl_typesupport_cppExport-noconfig.cmake
[2.468s] -- Installing: /home/john/ros2_ws_winter_devlin/install/custom_interfaces/share/custom_interfaces/cmake/export_custom_interfaces__rosidl_generator_pyExport.cmake
[2.468s] -- Installing: /home/john/ros2_ws_winter_devlin/install/custom_interfaces/share/custom_interfaces/cmake/export_custom_interfaces__rosidl_generator_pyExport-noconfig.cmake
[2.468s] -- Installing: /home/john/ros2_ws_winter_devlin/install/custom_interfaces/share/custom_interfaces/cmake/rosidl_cmake-extras.cmake
[2.469s] -- Installing: /home/john/ros2_ws_winter_devlin/install/custom_interfaces/share/custom_interfaces/cmake/ament_cmake_export_dependencies-extras.cmake
[2.469s] -- Installing: /home/john/ros2_ws_winter_devlin/install/custom_interfaces/share/custom_interfaces/cmake/ament_cmake_export_include_directories-extras.cmake
[2.469s] -- Installing: /home/john/ros2_ws_winter_devlin/install/custom_interfaces/share/custom_interfaces/cmake/ament_cmake_export_libraries-extras.cmake
[2.469s] -- Installing: /home/john/ros2_ws_winter_devlin/install/custom_interfaces/share/custom_interfaces/cmake/ament_cmake_export_targets-extras.cmake
[2.469s] -- Installing: /home/john/ros2_ws_winter_devlin/install/custom_interfaces/share/custom_interfaces/cmake/rosidl_cmake_export_typesupport_targets-extras.cmake
[2.469s] -- Installing: /home/john/ros2_ws_winter_devlin/install/custom_interfaces/share/custom_interfaces/cmake/rosidl_cmake_export_typesupport_libraries-extras.cmake
[2.469s] -- Installing: /home/john/ros2_ws_winter_devlin/install/custom_interfaces/share/custom_interfaces/cmake/custom_interfacesConfig.cmake
[2.469s] -- Installing: /home/john/ros2_ws_winter_devlin/install/custom_interfaces/share/custom_interfaces/cmake/custom_interfacesConfig-version.cmake
[2.469s] -- Installing: /home/john/ros2_ws_winter_devlin/install/custom_interfaces/share/custom_interfaces/package.xml
[2.470s] Invoked command in '/home/john/ros2_ws_winter_devlin/build/custom_interfaces' returned '0': CMAKE_PREFIX_PATH=/opt/ros/humble /usr/bin/cmake --install /home/john/ros2_ws_winter_devlin/build/custom_interfaces
