[0.006s] Invoking command in '/home/john/ros2_ws_winter_devlin/build/robot_bringup': AMENT_PREFIX_PATH=/home/john/ros2_ws_winter_devlin/install/robot_simulator_cpp:/home/john/ros2_ws_winter_devlin/install/robot_simulator_py:/home/john/ros2_ws_winter_devlin/install/custom_interfaces:${AMENT_PREFIX_PATH} CMAKE_PREFIX_PATH=/home/john/ros2_ws_winter_devlin/install/robot_simulator_cpp:/home/john/ros2_ws_winter_devlin/install/custom_interfaces:/opt/ros/humble LD_LIBRARY_PATH=/home/john/ros2_ws_winter_devlin/install/custom_interfaces/lib:${LD_LIBRARY_PATH} PYTHONPATH=/home/john/ros2_ws_winter_devlin/install/robot_simulator_py/lib/python3.10/site-packages:/home/john/ros2_ws_winter_devlin/install/custom_interfaces/local/lib/python3.10/dist-packages:${PYTHONPATH} /usr/bin/cmake /home/john/ros2_ws_winter_devlin/src/robot_bringup -DCMAKE_INSTALL_PREFIX=/home/john/ros2_ws_winter_devlin/install/robot_bringup
[0.043s] -- The C compiler identification is GNU 11.4.0
[0.077s] -- The CXX compiler identification is GNU 11.4.0
[0.081s] -- Detecting C compiler ABI info
[0.127s] -- Detecting C compiler ABI info - done
[0.131s] -- Check for working C compiler: /usr/bin/cc - skipped
[0.131s] -- Detecting C compile features
[0.131s] -- Detecting C compile features - done
[0.133s] -- Detecting CXX compiler ABI info
[0.184s] -- Detecting CXX compiler ABI info - done
[0.188s] -- Check for working CXX compiler: /usr/bin/c++ - skipped
[0.188s] -- Detecting CXX compile features
[0.189s] -- Detecting CXX compile features - done
[0.190s] -- Found ament_cmake: 1.3.12 (/opt/ros/humble/share/ament_cmake/cmake)
[0.284s] -- Found Python3: /usr/bin/python3 (found version "3.10.12") found components: Interpreter 
[0.337s] -- Found ament_index_cpp: 1.4.0 (/opt/ros/humble/share/ament_index_cpp/cmake)
[0.338s] -- Found ament_lint_auto: 0.12.14 (/opt/ros/humble/share/ament_lint_auto/cmake)
[0.396s] -- Added test 'flake8' to check Python code syntax and style conventions
[0.396s] -- Added test 'lint_cmake' to check CMake code style
[0.396s] -- Added test 'pep257' to check Python code against some of the docstring style conventions in PEP 257
[0.397s] -- Added test 'xmllint' to check XML markup files
[0.397s] -- Configuring done
[0.399s] -- Generating done
[0.399s] -- Build files have been written to: /home/john/ros2_ws_winter_devlin/build/robot_bringup
[0.404s] Invoked command in '/home/john/ros2_ws_winter_devlin/build/robot_bringup' returned '0': AMENT_PREFIX_PATH=/home/john/ros2_ws_winter_devlin/install/robot_simulator_cpp:/home/john/ros2_ws_winter_devlin/install/robot_simulator_py:/home/john/ros2_ws_winter_devlin/install/custom_interfaces:${AMENT_PREFIX_PATH} CMAKE_PREFIX_PATH=/home/john/ros2_ws_winter_devlin/install/robot_simulator_cpp:/home/john/ros2_ws_winter_devlin/install/custom_interfaces:/opt/ros/humble LD_LIBRARY_PATH=/home/john/ros2_ws_winter_devlin/install/custom_interfaces/lib:${LD_LIBRARY_PATH} PYTHONPATH=/home/john/ros2_ws_winter_devlin/install/robot_simulator_py/lib/python3.10/site-packages:/home/john/ros2_ws_winter_devlin/install/custom_interfaces/local/lib/python3.10/dist-packages:${PYTHONPATH} /usr/bin/cmake /home/john/ros2_ws_winter_devlin/src/robot_bringup -DCMAKE_INSTALL_PREFIX=/home/john/ros2_ws_winter_devlin/install/robot_bringup
[0.404s] Invoking command in '/home/john/ros2_ws_winter_devlin/build/robot_bringup': AMENT_PREFIX_PATH=/home/john/ros2_ws_winter_devlin/install/robot_simulator_cpp:/home/john/ros2_ws_winter_devlin/install/robot_simulator_py:/home/john/ros2_ws_winter_devlin/install/custom_interfaces:${AMENT_PREFIX_PATH} CMAKE_PREFIX_PATH=/home/john/ros2_ws_winter_devlin/install/robot_simulator_cpp:/home/john/ros2_ws_winter_devlin/install/custom_interfaces:/opt/ros/humble LD_LIBRARY_PATH=/home/john/ros2_ws_winter_devlin/install/custom_interfaces/lib:${LD_LIBRARY_PATH} PYTHONPATH=/home/john/ros2_ws_winter_devlin/install/robot_simulator_py/lib/python3.10/site-packages:/home/john/ros2_ws_winter_devlin/install/custom_interfaces/local/lib/python3.10/dist-packages:${PYTHONPATH} /usr/bin/cmake --build /home/john/ros2_ws_winter_devlin/build/robot_bringup -- -j20 -l20
[0.427s] Invoked command in '/home/john/ros2_ws_winter_devlin/build/robot_bringup' returned '0': AMENT_PREFIX_PATH=/home/john/ros2_ws_winter_devlin/install/robot_simulator_cpp:/home/john/ros2_ws_winter_devlin/install/robot_simulator_py:/home/john/ros2_ws_winter_devlin/install/custom_interfaces:${AMENT_PREFIX_PATH} CMAKE_PREFIX_PATH=/home/john/ros2_ws_winter_devlin/install/robot_simulator_cpp:/home/john/ros2_ws_winter_devlin/install/custom_interfaces:/opt/ros/humble LD_LIBRARY_PATH=/home/john/ros2_ws_winter_devlin/install/custom_interfaces/lib:${LD_LIBRARY_PATH} PYTHONPATH=/home/john/ros2_ws_winter_devlin/install/robot_simulator_py/lib/python3.10/site-packages:/home/john/ros2_ws_winter_devlin/install/custom_interfaces/local/lib/python3.10/dist-packages:${PYTHONPATH} /usr/bin/cmake --build /home/john/ros2_ws_winter_devlin/build/robot_bringup -- -j20 -l20
[0.429s] Invoking command in '/home/john/ros2_ws_winter_devlin/build/robot_bringup': AMENT_PREFIX_PATH=/home/john/ros2_ws_winter_devlin/install/robot_simulator_cpp:/home/john/ros2_ws_winter_devlin/install/robot_simulator_py:/home/john/ros2_ws_winter_devlin/install/custom_interfaces:${AMENT_PREFIX_PATH} CMAKE_PREFIX_PATH=/home/john/ros2_ws_winter_devlin/install/robot_simulator_cpp:/home/john/ros2_ws_winter_devlin/install/custom_interfaces:/opt/ros/humble LD_LIBRARY_PATH=/home/john/ros2_ws_winter_devlin/install/custom_interfaces/lib:${LD_LIBRARY_PATH} PYTHONPATH=/home/john/ros2_ws_winter_devlin/install/robot_simulator_py/lib/python3.10/site-packages:/home/john/ros2_ws_winter_devlin/install/custom_interfaces/local/lib/python3.10/dist-packages:${PYTHONPATH} /usr/bin/cmake --install /home/john/ros2_ws_winter_devlin/build/robot_bringup
[0.434s] -- Install configuration: ""
[0.434s] -- Installing: /home/john/ros2_ws_winter_devlin/install/robot_bringup/share/robot_bringup/launch
[0.435s] -- Installing: /home/john/ros2_ws_winter_devlin/install/robot_bringup/share/robot_bringup/launch/robot_teleop.launch.py
[0.435s] -- Installing: /home/john/ros2_ws_winter_devlin/install/robot_bringup/share/robot_bringup/launch/robot_simulation_launch.sh.save
[0.435s] -- Installing: /home/john/ros2_ws_winter_devlin/install/robot_bringup/share/robot_bringup/launch/robot_simulation.launch.py
[0.435s] -- Installing: /home/john/ros2_ws_winter_devlin/install/robot_bringup/share/robot_bringup/launch/robot_simulation_launch.sh
[0.435s] -- Installing: /home/john/ros2_ws_winter_devlin/install/robot_bringup/share/robot_bringup/urdf
[0.435s] -- Installing: /home/john/ros2_ws_winter_devlin/install/robot_bringup/share/robot_bringup/urdf/robot.urdf
[0.435s] -- Installing: /home/john/ros2_ws_winter_devlin/install/robot_bringup/share/robot_bringup/rviz
[0.435s] -- Installing: /home/john/ros2_ws_winter_devlin/install/robot_bringup/share/robot_bringup/rviz/basic_robot.rviz
[0.435s] -- Installing: /home/john/ros2_ws_winter_devlin/install/robot_bringup/share/robot_bringup/rviz/simulation.rviz
[0.435s] -- Installing: /home/john/ros2_ws_winter_devlin/install/robot_bringup/share/ament_index/resource_index/package_run_dependencies/robot_bringup
[0.435s] -- Installing: /home/john/ros2_ws_winter_devlin/install/robot_bringup/share/ament_index/resource_index/parent_prefix_path/robot_bringup
[0.435s] -- Installing: /home/john/ros2_ws_winter_devlin/install/robot_bringup/share/robot_bringup/environment/ament_prefix_path.sh
[0.435s] -- Installing: /home/john/ros2_ws_winter_devlin/install/robot_bringup/share/robot_bringup/environment/ament_prefix_path.dsv
[0.435s] -- Installing: /home/john/ros2_ws_winter_devlin/install/robot_bringup/share/robot_bringup/environment/path.sh
[0.435s] -- Installing: /home/john/ros2_ws_winter_devlin/install/robot_bringup/share/robot_bringup/environment/path.dsv
[0.436s] -- Installing: /home/john/ros2_ws_winter_devlin/install/robot_bringup/share/robot_bringup/local_setup.bash
[0.436s] -- Installing: /home/john/ros2_ws_winter_devlin/install/robot_bringup/share/robot_bringup/local_setup.sh
[0.436s] -- Installing: /home/john/ros2_ws_winter_devlin/install/robot_bringup/share/robot_bringup/local_setup.zsh
[0.436s] -- Installing: /home/john/ros2_ws_winter_devlin/install/robot_bringup/share/robot_bringup/local_setup.dsv
[0.436s] -- Installing: /home/john/ros2_ws_winter_devlin/install/robot_bringup/share/robot_bringup/package.dsv
[0.436s] -- Installing: /home/john/ros2_ws_winter_devlin/install/robot_bringup/share/ament_index/resource_index/packages/robot_bringup
[0.436s] -- Installing: /home/john/ros2_ws_winter_devlin/install/robot_bringup/share/robot_bringup/cmake/robot_bringupConfig.cmake
[0.436s] -- Installing: /home/john/ros2_ws_winter_devlin/install/robot_bringup/share/robot_bringup/cmake/robot_bringupConfig-version.cmake
[0.436s] -- Installing: /home/john/ros2_ws_winter_devlin/install/robot_bringup/share/robot_bringup/package.xml
[0.438s] Invoked command in '/home/john/ros2_ws_winter_devlin/build/robot_bringup' returned '0': AMENT_PREFIX_PATH=/home/john/ros2_ws_winter_devlin/install/robot_simulator_cpp:/home/john/ros2_ws_winter_devlin/install/robot_simulator_py:/home/john/ros2_ws_winter_devlin/install/custom_interfaces:${AMENT_PREFIX_PATH} CMAKE_PREFIX_PATH=/home/john/ros2_ws_winter_devlin/install/robot_simulator_cpp:/home/john/ros2_ws_winter_devlin/install/custom_interfaces:/opt/ros/humble LD_LIBRARY_PATH=/home/john/ros2_ws_winter_devlin/install/custom_interfaces/lib:${LD_LIBRARY_PATH} PYTHONPATH=/home/john/ros2_ws_winter_devlin/install/robot_simulator_py/lib/python3.10/site-packages:/home/john/ros2_ws_winter_devlin/install/custom_interfaces/local/lib/python3.10/dist-packages:${PYTHONPATH} /usr/bin/cmake --install /home/john/ros2_ws_winter_devlin/build/robot_bringup
