[0.063s] [34mcolcon[0m [1;30mDEBUG[0m [32mCommand line arguments: ['/usr/bin/colcon', 'build'][0m
[0.063s] [34mcolcon[0m [1;30mDEBUG[0m [32mParsed command line arguments: Namespace(log_base=None, log_level=None, verb_name='build', build_base='build', install_base='install', merge_install=False, symlink_install=False, test_result_base=None, continue_on_error=False, executor='parallel', parallel_workers=20, event_handlers=None, ignore_user_meta=False, metas=['./colcon.meta'], base_paths=['.'], packages_ignore=None, packages_ignore_regex=None, paths=None, packages_up_to=None, packages_up_to_regex=None, packages_above=None, packages_above_and_dependencies=None, packages_above_depth=None, packages_select_by_dep=None, packages_skip_by_dep=None, packages_skip_up_to=None, packages_select_build_failed=False, packages_skip_build_finished=False, packages_select_test_failures=False, packages_skip_test_passed=False, packages_select=None, packages_skip=None, packages_select_regex=None, packages_skip_regex=None, packages_start=None, packages_end=None, allow_overriding=[], cmake_args=None, cmake_target=None, cmake_target_skip_unavailable=False, cmake_clean_cache=False, cmake_clean_first=False, cmake_force_configure=False, ament_cmake_args=None, catkin_cmake_args=None, catkin_skip_building_tests=False, verb_parser=<colcon_defaults.argument_parser.defaults.DefaultArgumentsDecorator object at 0x7e11f9e173a0>, verb_extension=<colcon_core.verb.build.BuildVerb object at 0x7e11f9e16e30>, main=<bound method BuildVerb.main of <colcon_core.verb.build.BuildVerb object at 0x7e11f9e16e30>>)[0m
[0.163s] [34mcolcon.colcon_core.package_discovery[0m [1;30mLevel 1[0m discover_packages(colcon_meta) check parameters
[0.163s] [34mcolcon.colcon_core.package_discovery[0m [1;30mLevel 1[0m discover_packages(recursive) check parameters
[0.163s] [34mcolcon.colcon_core.package_discovery[0m [1;30mLevel 1[0m discover_packages(ignore) check parameters
[0.163s] [34mcolcon.colcon_core.package_discovery[0m [1;30mLevel 1[0m discover_packages(path) check parameters
[0.163s] [34mcolcon.colcon_core.package_discovery[0m [1;30mLevel 1[0m discover_packages(colcon_meta) discover
[0.163s] [34mcolcon.colcon_core.package_discovery[0m [1;30mLevel 1[0m discover_packages(recursive) discover
[0.163s] [34mcolcon.colcon_core.package_discovery[0m [1;30mINFO[0m Crawling recursively for packages in '/home/john/ros2_ws_winter_devlin'
[0.164s] [34mcolcon.colcon_core.package_identification[0m [1;30mLevel 1[0m _identify(.) by extensions ['ignore', 'ignore_ament_install']
[0.164s] [34mcolcon.colcon_core.package_identification[0m [1;30mLevel 1[0m _identify(.) by extension 'ignore'
[0.164s] [34mcolcon.colcon_core.package_identification[0m [1;30mLevel 1[0m _identify(.) by extension 'ignore_ament_install'
[0.164s] [34mcolcon.colcon_core.package_identification[0m [1;30mLevel 1[0m _identify(.) by extensions ['colcon_pkg']
[0.164s] [34mcolcon.colcon_core.package_identification[0m [1;30mLevel 1[0m _identify(.) by extension 'colcon_pkg'
[0.164s] [34mcolcon.colcon_core.package_identification[0m [1;30mLevel 1[0m _identify(.) by extensions ['colcon_meta']
[0.164s] [34mcolcon.colcon_core.package_identification[0m [1;30mLevel 1[0m _identify(.) by extension 'colcon_meta'
[0.164s] [34mcolcon.colcon_core.package_identification[0m [1;30mLevel 1[0m _identify(.) by extensions ['ros']
[0.164s] [34mcolcon.colcon_core.package_identification[0m [1;30mLevel 1[0m _identify(.) by extension 'ros'
[0.181s] [34mcolcon.colcon_core.package_identification[0m [1;30mLevel 1[0m _identify(.) by extensions ['cmake', 'python']
[0.181s] [34mcolcon.colcon_core.package_identification[0m [1;30mLevel 1[0m _identify(.) by extension 'cmake'
[0.181s] [34mcolcon.colcon_core.package_identification[0m [1;30mLevel 1[0m _identify(.) by extension 'python'
[0.181s] [34mcolcon.colcon_core.package_identification[0m [1;30mLevel 1[0m _identify(.) by extensions ['python_setup_py']
[0.181s] [34mcolcon.colcon_core.package_identification[0m [1;30mLevel 1[0m _identify(.) by extension 'python_setup_py'
[0.181s] [34mcolcon.colcon_core.package_identification[0m [1;30mLevel 1[0m _identify(build) by extensions ['ignore', 'ignore_ament_install']
[0.182s] [34mcolcon.colcon_core.package_identification[0m [1;30mLevel 1[0m _identify(build) by extension 'ignore'
[0.182s] [34mcolcon.colcon_core.package_identification[0m [1;30mLevel 1[0m _identify(build) ignored
[0.182s] [34mcolcon.colcon_core.package_identification[0m [1;30mLevel 1[0m _identify(install) by extensions ['ignore', 'ignore_ament_install']
[0.182s] [34mcolcon.colcon_core.package_identification[0m [1;30mLevel 1[0m _identify(install) by extension 'ignore'
[0.182s] [34mcolcon.colcon_core.package_identification[0m [1;30mLevel 1[0m _identify(install) ignored
[0.182s] [34mcolcon.colcon_core.package_identification[0m [1;30mLevel 1[0m _identify(log) by extensions ['ignore', 'ignore_ament_install']
[0.182s] [34mcolcon.colcon_core.package_identification[0m [1;30mLevel 1[0m _identify(log) by extension 'ignore'
[0.182s] [34mcolcon.colcon_core.package_identification[0m [1;30mLevel 1[0m _identify(log) ignored
[0.182s] [34mcolcon.colcon_core.package_identification[0m [1;30mLevel 1[0m _identify(src) by extensions ['ignore', 'ignore_ament_install']
[0.182s] [34mcolcon.colcon_core.package_identification[0m [1;30mLevel 1[0m _identify(src) by extension 'ignore'
[0.182s] [34mcolcon.colcon_core.package_identification[0m [1;30mLevel 1[0m _identify(src) by extension 'ignore_ament_install'
[0.182s] [34mcolcon.colcon_core.package_identification[0m [1;30mLevel 1[0m _identify(src) by extensions ['colcon_pkg']
[0.182s] [34mcolcon.colcon_core.package_identification[0m [1;30mLevel 1[0m _identify(src) by extension 'colcon_pkg'
[0.182s] [34mcolcon.colcon_core.package_identification[0m [1;30mLevel 1[0m _identify(src) by extensions ['colcon_meta']
[0.182s] [34mcolcon.colcon_core.package_identification[0m [1;30mLevel 1[0m _identify(src) by extension 'colcon_meta'
[0.182s] [34mcolcon.colcon_core.package_identification[0m [1;30mLevel 1[0m _identify(src) by extensions ['ros']
[0.182s] [34mcolcon.colcon_core.package_identification[0m [1;30mLevel 1[0m _identify(src) by extension 'ros'
[0.182s] [34mcolcon.colcon_core.package_identification[0m [1;30mLevel 1[0m _identify(src) by extensions ['cmake', 'python']
[0.182s] [34mcolcon.colcon_core.package_identification[0m [1;30mLevel 1[0m _identify(src) by extension 'cmake'
[0.182s] [34mcolcon.colcon_core.package_identification[0m [1;30mLevel 1[0m _identify(src) by extension 'python'
[0.182s] [34mcolcon.colcon_core.package_identification[0m [1;30mLevel 1[0m _identify(src) by extensions ['python_setup_py']
[0.182s] [34mcolcon.colcon_core.package_identification[0m [1;30mLevel 1[0m _identify(src) by extension 'python_setup_py'
[0.182s] [34mcolcon.colcon_core.package_identification[0m [1;30mLevel 1[0m _identify(src/custom_interfaces) by extensions ['ignore', 'ignore_ament_install']
[0.182s] [34mcolcon.colcon_core.package_identification[0m [1;30mLevel 1[0m _identify(src/custom_interfaces) by extension 'ignore'
[0.182s] [34mcolcon.colcon_core.package_identification[0m [1;30mLevel 1[0m _identify(src/custom_interfaces) by extension 'ignore_ament_install'
[0.182s] [34mcolcon.colcon_core.package_identification[0m [1;30mLevel 1[0m _identify(src/custom_interfaces) by extensions ['colcon_pkg']
[0.182s] [34mcolcon.colcon_core.package_identification[0m [1;30mLevel 1[0m _identify(src/custom_interfaces) by extension 'colcon_pkg'
[0.182s] [34mcolcon.colcon_core.package_identification[0m [1;30mLevel 1[0m _identify(src/custom_interfaces) by extensions ['colcon_meta']
[0.182s] [34mcolcon.colcon_core.package_identification[0m [1;30mLevel 1[0m _identify(src/custom_interfaces) by extension 'colcon_meta'
[0.182s] [34mcolcon.colcon_core.package_identification[0m [1;30mLevel 1[0m _identify(src/custom_interfaces) by extensions ['ros']
[0.182s] [34mcolcon.colcon_core.package_identification[0m [1;30mLevel 1[0m _identify(src/custom_interfaces) by extension 'ros'
[0.184s] [34mcolcon.colcon_core.package_identification[0m [1;30mDEBUG[0m [32mPackage 'src/custom_interfaces' with type 'ros.ament_cmake' and name 'custom_interfaces'[0m
[0.185s] [34mcolcon.colcon_core.package_identification[0m [1;30mLevel 1[0m _identify(src/robot_bringup) by extensions ['ignore', 'ignore_ament_install']
[0.185s] [34mcolcon.colcon_core.package_identification[0m [1;30mLevel 1[0m _identify(src/robot_bringup) by extension 'ignore'
[0.185s] [34mcolcon.colcon_core.package_identification[0m [1;30mLevel 1[0m _identify(src/robot_bringup) by extension 'ignore_ament_install'
[0.185s] [34mcolcon.colcon_core.package_identification[0m [1;30mLevel 1[0m _identify(src/robot_bringup) by extensions ['colcon_pkg']
[0.185s] [34mcolcon.colcon_core.package_identification[0m [1;30mLevel 1[0m _identify(src/robot_bringup) by extension 'colcon_pkg'
[0.185s] [34mcolcon.colcon_core.package_identification[0m [1;30mLevel 1[0m _identify(src/robot_bringup) by extensions ['colcon_meta']
[0.185s] [34mcolcon.colcon_core.package_identification[0m [1;30mLevel 1[0m _identify(src/robot_bringup) by extension 'colcon_meta'
[0.185s] [34mcolcon.colcon_core.package_identification[0m [1;30mLevel 1[0m _identify(src/robot_bringup) by extensions ['ros']
[0.185s] [34mcolcon.colcon_core.package_identification[0m [1;30mLevel 1[0m _identify(src/robot_bringup) by extension 'ros'
[0.185s] [34mcolcon.colcon_core.package_identification[0m [1;30mDEBUG[0m [32mPackage 'src/robot_bringup' with type 'ros.ament_cmake' and name 'robot_bringup'[0m
[0.185s] [34mcolcon.colcon_core.package_identification[0m [1;30mLevel 1[0m _identify(src/robot_simulator_cpp) by extensions ['ignore', 'ignore_ament_install']
[0.185s] [34mcolcon.colcon_core.package_identification[0m [1;30mLevel 1[0m _identify(src/robot_simulator_cpp) by extension 'ignore'
[0.185s] [34mcolcon.colcon_core.package_identification[0m [1;30mLevel 1[0m _identify(src/robot_simulator_cpp) by extension 'ignore_ament_install'
[0.185s] [34mcolcon.colcon_core.package_identification[0m [1;30mLevel 1[0m _identify(src/robot_simulator_cpp) by extensions ['colcon_pkg']
[0.185s] [34mcolcon.colcon_core.package_identification[0m [1;30mLevel 1[0m _identify(src/robot_simulator_cpp) by extension 'colcon_pkg'
[0.185s] [34mcolcon.colcon_core.package_identification[0m [1;30mLevel 1[0m _identify(src/robot_simulator_cpp) by extensions ['colcon_meta']
[0.185s] [34mcolcon.colcon_core.package_identification[0m [1;30mLevel 1[0m _identify(src/robot_simulator_cpp) by extension 'colcon_meta'
[0.185s] [34mcolcon.colcon_core.package_identification[0m [1;30mLevel 1[0m _identify(src/robot_simulator_cpp) by extensions ['ros']
[0.185s] [34mcolcon.colcon_core.package_identification[0m [1;30mLevel 1[0m _identify(src/robot_simulator_cpp) by extension 'ros'
[0.186s] [34mcolcon.colcon_core.package_identification[0m [1;30mDEBUG[0m [32mPackage 'src/robot_simulator_cpp' with type 'ros.ament_cmake' and name 'robot_simulator_cpp'[0m
[0.186s] [34mcolcon.colcon_core.package_identification[0m [1;30mLevel 1[0m _identify(src/robot_simulator_py) by extensions ['ignore', 'ignore_ament_install']
[0.186s] [34mcolcon.colcon_core.package_identification[0m [1;30mLevel 1[0m _identify(src/robot_simulator_py) by extension 'ignore'
[0.186s] [34mcolcon.colcon_core.package_identification[0m [1;30mLevel 1[0m _identify(src/robot_simulator_py) by extension 'ignore_ament_install'
[0.186s] [34mcolcon.colcon_core.package_identification[0m [1;30mLevel 1[0m _identify(src/robot_simulator_py) by extensions ['colcon_pkg']
[0.186s] [34mcolcon.colcon_core.package_identification[0m [1;30mLevel 1[0m _identify(src/robot_simulator_py) by extension 'colcon_pkg'
[0.186s] [34mcolcon.colcon_core.package_identification[0m [1;30mLevel 1[0m _identify(src/robot_simulator_py) by extensions ['colcon_meta']
[0.186s] [34mcolcon.colcon_core.package_identification[0m [1;30mLevel 1[0m _identify(src/robot_simulator_py) by extension 'colcon_meta'
[0.186s] [34mcolcon.colcon_core.package_identification[0m [1;30mLevel 1[0m _identify(src/robot_simulator_py) by extensions ['ros']
[0.186s] [34mcolcon.colcon_core.package_identification[0m [1;30mLevel 1[0m _identify(src/robot_simulator_py) by extension 'ros'
[0.187s] [34mcolcon.colcon_core.package_identification[0m [1;30mDEBUG[0m [32mPackage 'src/robot_simulator_py' with type 'ros.ament_python' and name 'robot_simulator_py'[0m
[0.187s] [34mcolcon.colcon_core.package_discovery[0m [1;30mLevel 1[0m discover_packages(recursive) using defaults
[0.187s] [34mcolcon.colcon_core.package_discovery[0m [1;30mLevel 1[0m discover_packages(ignore) discover
[0.187s] [34mcolcon.colcon_core.package_discovery[0m [1;30mLevel 1[0m discover_packages(ignore) using defaults
[0.187s] [34mcolcon.colcon_core.package_discovery[0m [1;30mLevel 1[0m discover_packages(path) discover
[0.187s] [34mcolcon.colcon_core.package_discovery[0m [1;30mLevel 1[0m discover_packages(path) using defaults
[0.197s] [34mcolcon.colcon_core.package_discovery[0m [1;30mLevel 1[0m discover_packages(prefix_path) check parameters
[0.197s] [34mcolcon.colcon_core.package_discovery[0m [1;30mLevel 1[0m discover_packages(prefix_path) discover
[0.198s] [34mcolcon.colcon_installed_package_information.package_discovery[0m [1;30mDEBUG[0m [32mFound 274 installed packages in /opt/ros/humble[0m
[0.199s] [34mcolcon.colcon_core.package_discovery[0m [1;30mLevel 1[0m discover_packages(prefix_path) using defaults
[0.217s] [34mcolcon.colcon_core.verb[0m [1;30mLevel 5[0m set package 'custom_interfaces' build argument 'cmake_args' from command line to 'None'
[0.218s] [34mcolcon.colcon_core.verb[0m [1;30mLevel 5[0m set package 'custom_interfaces' build argument 'cmake_target' from command line to 'None'
[0.218s] [34mcolcon.colcon_core.verb[0m [1;30mLevel 5[0m set package 'custom_interfaces' build argument 'cmake_target_skip_unavailable' from command line to 'False'
[0.218s] [34mcolcon.colcon_core.verb[0m [1;30mLevel 5[0m set package 'custom_interfaces' build argument 'cmake_clean_cache' from command line to 'False'
[0.218s] [34mcolcon.colcon_core.verb[0m [1;30mLevel 5[0m set package 'custom_interfaces' build argument 'cmake_clean_first' from command line to 'False'
[0.218s] [34mcolcon.colcon_core.verb[0m [1;30mLevel 5[0m set package 'custom_interfaces' build argument 'cmake_force_configure' from command line to 'False'
[0.218s] [34mcolcon.colcon_core.verb[0m [1;30mLevel 5[0m set package 'custom_interfaces' build argument 'ament_cmake_args' from command line to 'None'
[0.218s] [34mcolcon.colcon_core.verb[0m [1;30mLevel 5[0m set package 'custom_interfaces' build argument 'catkin_cmake_args' from command line to 'None'
[0.218s] [34mcolcon.colcon_core.verb[0m [1;30mLevel 5[0m set package 'custom_interfaces' build argument 'catkin_skip_building_tests' from command line to 'False'
[0.218s] [34mcolcon.colcon_core.verb[0m [1;30mDEBUG[0m [32mBuilding package 'custom_interfaces' with the following arguments: {'ament_cmake_args': None, 'build_base': '/home/john/ros2_ws_winter_devlin/build/custom_interfaces', 'catkin_cmake_args': None, 'catkin_skip_building_tests': False, 'cmake_args': None, 'cmake_clean_cache': False, 'cmake_clean_first': False, 'cmake_force_configure': False, 'cmake_target': None, 'cmake_target_skip_unavailable': False, 'install_base': '/home/john/ros2_ws_winter_devlin/install/custom_interfaces', 'merge_install': False, 'path': '/home/john/ros2_ws_winter_devlin/src/custom_interfaces', 'symlink_install': False, 'test_result_base': None}[0m
[0.218s] [34mcolcon.colcon_core.verb[0m [1;30mLevel 5[0m set package 'robot_simulator_py' build argument 'cmake_args' from command line to 'None'
[0.218s] [34mcolcon.colcon_core.verb[0m [1;30mLevel 5[0m set package 'robot_simulator_py' build argument 'cmake_target' from command line to 'None'
[0.218s] [34mcolcon.colcon_core.verb[0m [1;30mLevel 5[0m set package 'robot_simulator_py' build argument 'cmake_target_skip_unavailable' from command line to 'False'
[0.218s] [34mcolcon.colcon_core.verb[0m [1;30mLevel 5[0m set package 'robot_simulator_py' build argument 'cmake_clean_cache' from command line to 'False'
[0.218s] [34mcolcon.colcon_core.verb[0m [1;30mLevel 5[0m set package 'robot_simulator_py' build argument 'cmake_clean_first' from command line to 'False'
[0.218s] [34mcolcon.colcon_core.verb[0m [1;30mLevel 5[0m set package 'robot_simulator_py' build argument 'cmake_force_configure' from command line to 'False'
[0.218s] [34mcolcon.colcon_core.verb[0m [1;30mLevel 5[0m set package 'robot_simulator_py' build argument 'ament_cmake_args' from command line to 'None'
[0.218s] [34mcolcon.colcon_core.verb[0m [1;30mLevel 5[0m set package 'robot_simulator_py' build argument 'catkin_cmake_args' from command line to 'None'
[0.218s] [34mcolcon.colcon_core.verb[0m [1;30mLevel 5[0m set package 'robot_simulator_py' build argument 'catkin_skip_building_tests' from command line to 'False'
[0.218s] [34mcolcon.colcon_core.verb[0m [1;30mDEBUG[0m [32mBuilding package 'robot_simulator_py' with the following arguments: {'ament_cmake_args': None, 'build_base': '/home/john/ros2_ws_winter_devlin/build/robot_simulator_py', 'catkin_cmake_args': None, 'catkin_skip_building_tests': False, 'cmake_args': None, 'cmake_clean_cache': False, 'cmake_clean_first': False, 'cmake_force_configure': False, 'cmake_target': None, 'cmake_target_skip_unavailable': False, 'install_base': '/home/john/ros2_ws_winter_devlin/install/robot_simulator_py', 'merge_install': False, 'path': '/home/john/ros2_ws_winter_devlin/src/robot_simulator_py', 'symlink_install': False, 'test_result_base': None}[0m
[0.218s] [34mcolcon.colcon_core.verb[0m [1;30mLevel 5[0m set package 'robot_simulator_cpp' build argument 'cmake_args' from command line to 'None'
[0.218s] [34mcolcon.colcon_core.verb[0m [1;30mLevel 5[0m set package 'robot_simulator_cpp' build argument 'cmake_target' from command line to 'None'
[0.218s] [34mcolcon.colcon_core.verb[0m [1;30mLevel 5[0m set package 'robot_simulator_cpp' build argument 'cmake_target_skip_unavailable' from command line to 'False'
[0.218s] [34mcolcon.colcon_core.verb[0m [1;30mLevel 5[0m set package 'robot_simulator_cpp' build argument 'cmake_clean_cache' from command line to 'False'
[0.218s] [34mcolcon.colcon_core.verb[0m [1;30mLevel 5[0m set package 'robot_simulator_cpp' build argument 'cmake_clean_first' from command line to 'False'
[0.218s] [34mcolcon.colcon_core.verb[0m [1;30mLevel 5[0m set package 'robot_simulator_cpp' build argument 'cmake_force_configure' from command line to 'False'
[0.218s] [34mcolcon.colcon_core.verb[0m [1;30mLevel 5[0m set package 'robot_simulator_cpp' build argument 'ament_cmake_args' from command line to 'None'
[0.218s] [34mcolcon.colcon_core.verb[0m [1;30mLevel 5[0m set package 'robot_simulator_cpp' build argument 'catkin_cmake_args' from command line to 'None'
[0.218s] [34mcolcon.colcon_core.verb[0m [1;30mLevel 5[0m set package 'robot_simulator_cpp' build argument 'catkin_skip_building_tests' from command line to 'False'
[0.218s] [34mcolcon.colcon_core.verb[0m [1;30mDEBUG[0m [32mBuilding package 'robot_simulator_cpp' with the following arguments: {'ament_cmake_args': None, 'build_base': '/home/john/ros2_ws_winter_devlin/build/robot_simulator_cpp', 'catkin_cmake_args': None, 'catkin_skip_building_tests': False, 'cmake_args': None, 'cmake_clean_cache': False, 'cmake_clean_first': False, 'cmake_force_configure': False, 'cmake_target': None, 'cmake_target_skip_unavailable': False, 'install_base': '/home/john/ros2_ws_winter_devlin/install/robot_simulator_cpp', 'merge_install': False, 'path': '/home/john/ros2_ws_winter_devlin/src/robot_simulator_cpp', 'symlink_install': False, 'test_result_base': None}[0m
[0.218s] [34mcolcon.colcon_core.verb[0m [1;30mLevel 5[0m set package 'robot_bringup' build argument 'cmake_args' from command line to 'None'
[0.218s] [34mcolcon.colcon_core.verb[0m [1;30mLevel 5[0m set package 'robot_bringup' build argument 'cmake_target' from command line to 'None'
[0.218s] [34mcolcon.colcon_core.verb[0m [1;30mLevel 5[0m set package 'robot_bringup' build argument 'cmake_target_skip_unavailable' from command line to 'False'
[0.219s] [34mcolcon.colcon_core.verb[0m [1;30mLevel 5[0m set package 'robot_bringup' build argument 'cmake_clean_cache' from command line to 'False'
[0.219s] [34mcolcon.colcon_core.verb[0m [1;30mLevel 5[0m set package 'robot_bringup' build argument 'cmake_clean_first' from command line to 'False'
[0.219s] [34mcolcon.colcon_core.verb[0m [1;30mLevel 5[0m set package 'robot_bringup' build argument 'cmake_force_configure' from command line to 'False'
[0.219s] [34mcolcon.colcon_core.verb[0m [1;30mLevel 5[0m set package 'robot_bringup' build argument 'ament_cmake_args' from command line to 'None'
[0.219s] [34mcolcon.colcon_core.verb[0m [1;30mLevel 5[0m set package 'robot_bringup' build argument 'catkin_cmake_args' from command line to 'None'
[0.219s] [34mcolcon.colcon_core.verb[0m [1;30mLevel 5[0m set package 'robot_bringup' build argument 'catkin_skip_building_tests' from command line to 'False'
[0.219s] [34mcolcon.colcon_core.verb[0m [1;30mDEBUG[0m [32mBuilding package 'robot_bringup' with the following arguments: {'ament_cmake_args': None, 'build_base': '/home/john/ros2_ws_winter_devlin/build/robot_bringup', 'catkin_cmake_args': None, 'catkin_skip_building_tests': False, 'cmake_args': None, 'cmake_clean_cache': False, 'cmake_clean_first': False, 'cmake_force_configure': False, 'cmake_target': None, 'cmake_target_skip_unavailable': False, 'install_base': '/home/john/ros2_ws_winter_devlin/install/robot_bringup', 'merge_install': False, 'path': '/home/john/ros2_ws_winter_devlin/src/robot_bringup', 'symlink_install': False, 'test_result_base': None}[0m
[0.219s] [34mcolcon.colcon_core.executor[0m [1;30mINFO[0m Executing jobs using 'parallel' executor
[0.220s] [34mcolcon.colcon_parallel_executor.executor.parallel[0m [1;30mDEBUG[0m [32mrun_until_complete[0m
[0.220s] [34mcolcon.colcon_ros.task.ament_cmake.build[0m [1;30mINFO[0m Building ROS package in '/home/john/ros2_ws_winter_devlin/src/custom_interfaces' with build type 'ament_cmake'
[0.220s] [34mcolcon.colcon_cmake.task.cmake.build[0m [1;30mINFO[0m Building CMake package in '/home/john/ros2_ws_winter_devlin/src/custom_interfaces'
[0.221s] [34mcolcon.colcon_core.plugin_system[0m [1;30mINFO[0m Skipping extension 'colcon_core.shell.bat': Not used on non-Windows systems
[0.221s] [34mcolcon.colcon_core.shell[0m [1;30mINFO[0m Skip shell extension 'powershell' for command environment: Not usable outside of PowerShell
[0.221s] [34mcolcon.colcon_core.shell[0m [1;30mDEBUG[0m [32mSkip shell extension 'dsv' for command environment[0m
[0.223s] [34mcolcon.colcon_ros.task.ament_python.build[0m [1;30mINFO[0m Building ROS package in '/home/john/ros2_ws_winter_devlin/src/robot_simulator_py' with build type 'ament_python'
[0.223s] [34mcolcon.colcon_core.shell[0m [1;30mLevel 1[0m create_environment_hook('robot_simulator_py', 'ament_prefix_path')
[0.223s] [34mcolcon.colcon_core.shell[0m [1;30mINFO[0m Creating environment hook '/home/john/ros2_ws_winter_devlin/install/robot_simulator_py/share/robot_simulator_py/hook/ament_prefix_path.ps1'
[0.224s] [34mcolcon.colcon_core.shell[0m [1;30mINFO[0m Creating environment descriptor '/home/john/ros2_ws_winter_devlin/install/robot_simulator_py/share/robot_simulator_py/hook/ament_prefix_path.dsv'
[0.224s] [34mcolcon.colcon_core.shell[0m [1;30mINFO[0m Creating environment hook '/home/john/ros2_ws_winter_devlin/install/robot_simulator_py/share/robot_simulator_py/hook/ament_prefix_path.sh'
[0.224s] [34mcolcon.colcon_core.shell[0m [1;30mINFO[0m Skip shell extension 'powershell' for command environment: Not usable outside of PowerShell
[0.224s] [34mcolcon.colcon_core.shell[0m [1;30mDEBUG[0m [32mSkip shell extension 'dsv' for command environment[0m
[0.227s] [34mcolcon.colcon_core.event_handler.log_command[0m [1;30mDEBUG[0m [32mInvoking command in '/home/john/ros2_ws_winter_devlin/build/custom_interfaces': CMAKE_PREFIX_PATH=/opt/ros/humble /usr/bin/cmake /home/john/ros2_ws_winter_devlin/src/custom_interfaces -DCMAKE_INSTALL_PREFIX=/home/john/ros2_ws_winter_devlin/install/custom_interfaces[0m
[0.384s] [34mcolcon.colcon_core.task.python.build[0m [1;30mINFO[0m Building Python package in '/home/john/ros2_ws_winter_devlin/src/robot_simulator_py'
[0.384s] [34mcolcon.colcon_core.shell[0m [1;30mINFO[0m Skip shell extension 'powershell' for command environment: Not usable outside of PowerShell
[0.384s] [34mcolcon.colcon_core.shell[0m [1;30mDEBUG[0m [32mSkip shell extension 'dsv' for command environment[0m
[0.587s] [34mcolcon.colcon_core.event_handler.log_command[0m [1;30mDEBUG[0m [32mInvoking command in '/home/john/ros2_ws_winter_devlin/src/robot_simulator_py': PYTHONPATH=/home/john/ros2_ws_winter_devlin/build/robot_simulator_py/prefix_override:/usr/lib/python3/dist-packages/colcon_core/task/python/colcon_distutils_commands:/home/john/ros2_ws_winter_devlin/install/robot_simulator_py/lib/python3.10/site-packages:${PYTHONPATH} /usr/bin/python3 -W ignore:setup.py install is deprecated -W ignore:easy_install command is deprecated setup.py egg_info --egg-base ../../build/robot_simulator_py build --build-base /home/john/ros2_ws_winter_devlin/build/robot_simulator_py/build install --record /home/john/ros2_ws_winter_devlin/build/robot_simulator_py/install.log --single-version-externally-managed install_data[0m
[0.762s] [34mcolcon.colcon_core.event_handler.log_command[0m [1;30mDEBUG[0m [32mInvoked command in '/home/john/ros2_ws_winter_devlin/src/robot_simulator_py' returned '0': PYTHONPATH=/home/john/ros2_ws_winter_devlin/build/robot_simulator_py/prefix_override:/usr/lib/python3/dist-packages/colcon_core/task/python/colcon_distutils_commands:/home/john/ros2_ws_winter_devlin/install/robot_simulator_py/lib/python3.10/site-packages:${PYTHONPATH} /usr/bin/python3 -W ignore:setup.py install is deprecated -W ignore:easy_install command is deprecated setup.py egg_info --egg-base ../../build/robot_simulator_py build --build-base /home/john/ros2_ws_winter_devlin/build/robot_simulator_py/build install --record /home/john/ros2_ws_winter_devlin/build/robot_simulator_py/install.log --single-version-externally-managed install_data[0m
[0.763s] [34mcolcon.colcon_core.environment[0m [1;30mLevel 1[0m checking '/home/john/ros2_ws_winter_devlin/install/robot_simulator_py' for CMake module files
[0.763s] [34mcolcon.colcon_core.environment[0m [1;30mLevel 1[0m checking '/home/john/ros2_ws_winter_devlin/install/robot_simulator_py' for CMake config files
[0.764s] [34mcolcon.colcon_core.environment[0m [1;30mLevel 1[0m checking '/home/john/ros2_ws_winter_devlin/install/robot_simulator_py/lib'
[0.764s] [34mcolcon.colcon_core.environment[0m [1;30mLevel 1[0m checking '/home/john/ros2_ws_winter_devlin/install/robot_simulator_py/bin'
[0.764s] [34mcolcon.colcon_core.environment[0m [1;30mLevel 1[0m checking '/home/john/ros2_ws_winter_devlin/install/robot_simulator_py/lib/pkgconfig/robot_simulator_py.pc'
[0.764s] [34mcolcon.colcon_core.environment[0m [1;30mLevel 1[0m checking '/home/john/ros2_ws_winter_devlin/install/robot_simulator_py/lib/python3.10/site-packages'
[0.764s] [34mcolcon.colcon_core.shell[0m [1;30mLevel 1[0m create_environment_hook('robot_simulator_py', 'pythonpath')
[0.764s] [34mcolcon.colcon_core.shell[0m [1;30mINFO[0m Creating environment hook '/home/john/ros2_ws_winter_devlin/install/robot_simulator_py/share/robot_simulator_py/hook/pythonpath.ps1'
[0.764s] [34mcolcon.colcon_core.shell[0m [1;30mINFO[0m Creating environment descriptor '/home/john/ros2_ws_winter_devlin/install/robot_simulator_py/share/robot_simulator_py/hook/pythonpath.dsv'
[0.765s] [34mcolcon.colcon_core.shell[0m [1;30mINFO[0m Creating environment hook '/home/john/ros2_ws_winter_devlin/install/robot_simulator_py/share/robot_simulator_py/hook/pythonpath.sh'
[0.765s] [34mcolcon.colcon_core.environment[0m [1;30mLevel 1[0m checking '/home/john/ros2_ws_winter_devlin/install/robot_simulator_py/bin'
[0.765s] [34mcolcon.colcon_core.environment[0m [1;30mLevel 1[0m create_environment_scripts_only(robot_simulator_py)
[0.765s] [34mcolcon.colcon_core.shell[0m [1;30mINFO[0m Creating package script '/home/john/ros2_ws_winter_devlin/install/robot_simulator_py/share/robot_simulator_py/package.ps1'
[0.766s] [34mcolcon.colcon_core.shell[0m [1;30mINFO[0m Creating package descriptor '/home/john/ros2_ws_winter_devlin/install/robot_simulator_py/share/robot_simulator_py/package.dsv'
[0.766s] [34mcolcon.colcon_core.shell[0m [1;30mINFO[0m Creating package script '/home/john/ros2_ws_winter_devlin/install/robot_simulator_py/share/robot_simulator_py/package.sh'
[0.766s] [34mcolcon.colcon_core.shell[0m [1;30mINFO[0m Creating package script '/home/john/ros2_ws_winter_devlin/install/robot_simulator_py/share/robot_simulator_py/package.bash'
[0.766s] [34mcolcon.colcon_core.shell[0m [1;30mINFO[0m Creating package script '/home/john/ros2_ws_winter_devlin/install/robot_simulator_py/share/robot_simulator_py/package.zsh'
[0.767s] [34mcolcon.colcon_core.environment[0m [1;30mLevel 1[0m create_file_with_runtime_dependencies(/home/john/ros2_ws_winter_devlin/install/robot_simulator_py/share/colcon-core/packages/robot_simulator_py)
[1.547s] [34mcolcon.colcon_core.event_handler.log_command[0m [1;30mDEBUG[0m [32mInvoked command in '/home/john/ros2_ws_winter_devlin/build/custom_interfaces' returned '0': CMAKE_PREFIX_PATH=/opt/ros/humble /usr/bin/cmake /home/john/ros2_ws_winter_devlin/src/custom_interfaces -DCMAKE_INSTALL_PREFIX=/home/john/ros2_ws_winter_devlin/install/custom_interfaces[0m
[1.548s] [34mcolcon.colcon_core.event_handler.log_command[0m [1;30mDEBUG[0m [32mInvoking command in '/home/john/ros2_ws_winter_devlin/build/custom_interfaces': CMAKE_PREFIX_PATH=/opt/ros/humble /usr/bin/cmake --build /home/john/ros2_ws_winter_devlin/build/custom_interfaces -- -j20 -l20[0m
[2.649s] [34mcolcon.colcon_core.event_handler.log_command[0m [1;30mDEBUG[0m [32mInvoked command in '/home/john/ros2_ws_winter_devlin/build/custom_interfaces' returned '0': CMAKE_PREFIX_PATH=/opt/ros/humble /usr/bin/cmake --build /home/john/ros2_ws_winter_devlin/build/custom_interfaces -- -j20 -l20[0m
[2.656s] [34mcolcon.colcon_core.event_handler.log_command[0m [1;30mDEBUG[0m [32mInvoking command in '/home/john/ros2_ws_winter_devlin/build/custom_interfaces': CMAKE_PREFIX_PATH=/opt/ros/humble /usr/bin/cmake --install /home/john/ros2_ws_winter_devlin/build/custom_interfaces[0m
[2.689s] [34mcolcon.colcon_core.environment[0m [1;30mLevel 1[0m create_environment_scripts_only(custom_interfaces)
[2.690s] [34mcolcon.colcon_core.environment[0m [1;30mLevel 1[0m checking '/home/john/ros2_ws_winter_devlin/install/custom_interfaces' for CMake module files
[2.690s] [34mcolcon.colcon_core.event_handler.log_command[0m [1;30mDEBUG[0m [32mInvoked command in '/home/john/ros2_ws_winter_devlin/build/custom_interfaces' returned '0': CMAKE_PREFIX_PATH=/opt/ros/humble /usr/bin/cmake --install /home/john/ros2_ws_winter_devlin/build/custom_interfaces[0m
[2.691s] [34mcolcon.colcon_core.environment[0m [1;30mLevel 1[0m checking '/home/john/ros2_ws_winter_devlin/install/custom_interfaces' for CMake config files
[2.691s] [34mcolcon.colcon_core.shell[0m [1;30mLevel 1[0m create_environment_hook('custom_interfaces', 'cmake_prefix_path')
[2.691s] [34mcolcon.colcon_core.shell[0m [1;30mINFO[0m Creating environment hook '/home/john/ros2_ws_winter_devlin/install/custom_interfaces/share/custom_interfaces/hook/cmake_prefix_path.ps1'
[2.692s] [34mcolcon.colcon_core.shell[0m [1;30mINFO[0m Creating environment descriptor '/home/john/ros2_ws_winter_devlin/install/custom_interfaces/share/custom_interfaces/hook/cmake_prefix_path.dsv'
[2.692s] [34mcolcon.colcon_core.shell[0m [1;30mINFO[0m Creating environment hook '/home/john/ros2_ws_winter_devlin/install/custom_interfaces/share/custom_interfaces/hook/cmake_prefix_path.sh'
[2.692s] [34mcolcon.colcon_core.environment[0m [1;30mLevel 1[0m checking '/home/john/ros2_ws_winter_devlin/install/custom_interfaces/lib'
[2.692s] [34mcolcon.colcon_core.shell[0m [1;30mLevel 1[0m create_environment_hook('custom_interfaces', 'ld_library_path_lib')
[2.692s] [34mcolcon.colcon_core.shell[0m [1;30mINFO[0m Creating environment hook '/home/john/ros2_ws_winter_devlin/install/custom_interfaces/share/custom_interfaces/hook/ld_library_path_lib.ps1'
[2.692s] [34mcolcon.colcon_core.shell[0m [1;30mINFO[0m Creating environment descriptor '/home/john/ros2_ws_winter_devlin/install/custom_interfaces/share/custom_interfaces/hook/ld_library_path_lib.dsv'
[2.693s] [34mcolcon.colcon_core.shell[0m [1;30mINFO[0m Creating environment hook '/home/john/ros2_ws_winter_devlin/install/custom_interfaces/share/custom_interfaces/hook/ld_library_path_lib.sh'
[2.693s] [34mcolcon.colcon_core.environment[0m [1;30mLevel 1[0m checking '/home/john/ros2_ws_winter_devlin/install/custom_interfaces/bin'
[2.693s] [34mcolcon.colcon_core.environment[0m [1;30mLevel 1[0m checking '/home/john/ros2_ws_winter_devlin/install/custom_interfaces/lib/pkgconfig/custom_interfaces.pc'
[2.693s] [34mcolcon.colcon_core.environment[0m [1;30mLevel 1[0m checking '/home/john/ros2_ws_winter_devlin/install/custom_interfaces/lib/python3.10/site-packages'
[2.693s] [34mcolcon.colcon_core.environment[0m [1;30mLevel 1[0m checking '/home/john/ros2_ws_winter_devlin/install/custom_interfaces/bin'
[2.693s] [34mcolcon.colcon_core.shell[0m [1;30mINFO[0m Creating package script '/home/john/ros2_ws_winter_devlin/install/custom_interfaces/share/custom_interfaces/package.ps1'
[2.693s] [34mcolcon.colcon_core.shell[0m [1;30mINFO[0m Creating package descriptor '/home/john/ros2_ws_winter_devlin/install/custom_interfaces/share/custom_interfaces/package.dsv'
[2.694s] [34mcolcon.colcon_core.shell[0m [1;30mINFO[0m Creating package script '/home/john/ros2_ws_winter_devlin/install/custom_interfaces/share/custom_interfaces/package.sh'
[2.694s] [34mcolcon.colcon_core.shell[0m [1;30mINFO[0m Creating package script '/home/john/ros2_ws_winter_devlin/install/custom_interfaces/share/custom_interfaces/package.bash'
[2.694s] [34mcolcon.colcon_core.shell[0m [1;30mINFO[0m Creating package script '/home/john/ros2_ws_winter_devlin/install/custom_interfaces/share/custom_interfaces/package.zsh'
[2.694s] [34mcolcon.colcon_core.environment[0m [1;30mLevel 1[0m create_file_with_runtime_dependencies(/home/john/ros2_ws_winter_devlin/install/custom_interfaces/share/colcon-core/packages/custom_interfaces)
[2.694s] [34mcolcon.colcon_core.environment[0m [1;30mLevel 1[0m create_environment_scripts_only(custom_interfaces)
[2.694s] [34mcolcon.colcon_core.environment[0m [1;30mLevel 1[0m checking '/home/john/ros2_ws_winter_devlin/install/custom_interfaces' for CMake module files
[2.695s] [34mcolcon.colcon_core.environment[0m [1;30mLevel 1[0m checking '/home/john/ros2_ws_winter_devlin/install/custom_interfaces' for CMake config files
[2.695s] [34mcolcon.colcon_core.shell[0m [1;30mLevel 1[0m create_environment_hook('custom_interfaces', 'cmake_prefix_path')
[2.695s] [34mcolcon.colcon_core.shell[0m [1;30mINFO[0m Creating environment hook '/home/john/ros2_ws_winter_devlin/install/custom_interfaces/share/custom_interfaces/hook/cmake_prefix_path.ps1'
[2.695s] [34mcolcon.colcon_core.shell[0m [1;30mINFO[0m Creating environment descriptor '/home/john/ros2_ws_winter_devlin/install/custom_interfaces/share/custom_interfaces/hook/cmake_prefix_path.dsv'
[2.695s] [34mcolcon.colcon_core.shell[0m [1;30mINFO[0m Creating environment hook '/home/john/ros2_ws_winter_devlin/install/custom_interfaces/share/custom_interfaces/hook/cmake_prefix_path.sh'
[2.696s] [34mcolcon.colcon_core.environment[0m [1;30mLevel 1[0m checking '/home/john/ros2_ws_winter_devlin/install/custom_interfaces/lib'
[2.696s] [34mcolcon.colcon_core.shell[0m [1;30mLevel 1[0m create_environment_hook('custom_interfaces', 'ld_library_path_lib')
[2.696s] [34mcolcon.colcon_core.shell[0m [1;30mINFO[0m Creating environment hook '/home/john/ros2_ws_winter_devlin/install/custom_interfaces/share/custom_interfaces/hook/ld_library_path_lib.ps1'
[2.696s] [34mcolcon.colcon_core.shell[0m [1;30mINFO[0m Creating environment descriptor '/home/john/ros2_ws_winter_devlin/install/custom_interfaces/share/custom_interfaces/hook/ld_library_path_lib.dsv'
[2.696s] [34mcolcon.colcon_core.shell[0m [1;30mINFO[0m Creating environment hook '/home/john/ros2_ws_winter_devlin/install/custom_interfaces/share/custom_interfaces/hook/ld_library_path_lib.sh'
[2.696s] [34mcolcon.colcon_core.environment[0m [1;30mLevel 1[0m checking '/home/john/ros2_ws_winter_devlin/install/custom_interfaces/bin'
[2.696s] [34mcolcon.colcon_core.environment[0m [1;30mLevel 1[0m checking '/home/john/ros2_ws_winter_devlin/install/custom_interfaces/lib/pkgconfig/custom_interfaces.pc'
[2.696s] [34mcolcon.colcon_core.environment[0m [1;30mLevel 1[0m checking '/home/john/ros2_ws_winter_devlin/install/custom_interfaces/lib/python3.10/site-packages'
[2.696s] [34mcolcon.colcon_core.environment[0m [1;30mLevel 1[0m checking '/home/john/ros2_ws_winter_devlin/install/custom_interfaces/bin'
[2.697s] [34mcolcon.colcon_core.shell[0m [1;30mINFO[0m Creating package script '/home/john/ros2_ws_winter_devlin/install/custom_interfaces/share/custom_interfaces/package.ps1'
[2.697s] [34mcolcon.colcon_core.shell[0m [1;30mINFO[0m Creating package descriptor '/home/john/ros2_ws_winter_devlin/install/custom_interfaces/share/custom_interfaces/package.dsv'
[2.697s] [34mcolcon.colcon_core.shell[0m [1;30mINFO[0m Creating package script '/home/john/ros2_ws_winter_devlin/install/custom_interfaces/share/custom_interfaces/package.sh'
[2.697s] [34mcolcon.colcon_core.shell[0m [1;30mINFO[0m Creating package script '/home/john/ros2_ws_winter_devlin/install/custom_interfaces/share/custom_interfaces/package.bash'
[2.697s] [34mcolcon.colcon_core.shell[0m [1;30mINFO[0m Creating package script '/home/john/ros2_ws_winter_devlin/install/custom_interfaces/share/custom_interfaces/package.zsh'
[2.698s] [34mcolcon.colcon_core.environment[0m [1;30mLevel 1[0m create_file_with_runtime_dependencies(/home/john/ros2_ws_winter_devlin/install/custom_interfaces/share/colcon-core/packages/custom_interfaces)
[2.698s] [34mcolcon.colcon_ros.task.ament_cmake.build[0m [1;30mINFO[0m Building ROS package in '/home/john/ros2_ws_winter_devlin/src/robot_simulator_cpp' with build type 'ament_cmake'
[2.698s] [34mcolcon.colcon_cmake.task.cmake.build[0m [1;30mINFO[0m Building CMake package in '/home/john/ros2_ws_winter_devlin/src/robot_simulator_cpp'
[2.698s] [34mcolcon.colcon_core.shell[0m [1;30mINFO[0m Skip shell extension 'powershell' for command environment: Not usable outside of PowerShell
[2.698s] [34mcolcon.colcon_core.shell[0m [1;30mDEBUG[0m [32mSkip shell extension 'dsv' for command environment[0m
[2.704s] [34mcolcon.colcon_core.event_handler.log_command[0m [1;30mDEBUG[0m [32mInvoking command in '/home/john/ros2_ws_winter_devlin/build/robot_simulator_cpp': AMENT_PREFIX_PATH=/home/john/ros2_ws_winter_devlin/install/custom_interfaces:${AMENT_PREFIX_PATH} CMAKE_PREFIX_PATH=/home/john/ros2_ws_winter_devlin/install/custom_interfaces:/opt/ros/humble LD_LIBRARY_PATH=/home/john/ros2_ws_winter_devlin/install/custom_interfaces/lib:${LD_LIBRARY_PATH} PYTHONPATH=/home/john/ros2_ws_winter_devlin/install/custom_interfaces/local/lib/python3.10/dist-packages:${PYTHONPATH} /usr/bin/cmake /home/john/ros2_ws_winter_devlin/src/robot_simulator_cpp -DCMAKE_INSTALL_PREFIX=/home/john/ros2_ws_winter_devlin/install/robot_simulator_cpp[0m
[3.491s] [34mcolcon.colcon_core.event_handler.log_command[0m [1;30mDEBUG[0m [32mInvoked command in '/home/john/ros2_ws_winter_devlin/build/robot_simulator_cpp' returned '0': AMENT_PREFIX_PATH=/home/john/ros2_ws_winter_devlin/install/custom_interfaces:${AMENT_PREFIX_PATH} CMAKE_PREFIX_PATH=/home/john/ros2_ws_winter_devlin/install/custom_interfaces:/opt/ros/humble LD_LIBRARY_PATH=/home/john/ros2_ws_winter_devlin/install/custom_interfaces/lib:${LD_LIBRARY_PATH} PYTHONPATH=/home/john/ros2_ws_winter_devlin/install/custom_interfaces/local/lib/python3.10/dist-packages:${PYTHONPATH} /usr/bin/cmake /home/john/ros2_ws_winter_devlin/src/robot_simulator_cpp -DCMAKE_INSTALL_PREFIX=/home/john/ros2_ws_winter_devlin/install/robot_simulator_cpp[0m
[3.492s] [34mcolcon.colcon_core.event_handler.log_command[0m [1;30mDEBUG[0m [32mInvoking command in '/home/john/ros2_ws_winter_devlin/build/robot_simulator_cpp': AMENT_PREFIX_PATH=/home/john/ros2_ws_winter_devlin/install/custom_interfaces:${AMENT_PREFIX_PATH} CMAKE_PREFIX_PATH=/home/john/ros2_ws_winter_devlin/install/custom_interfaces:/opt/ros/humble LD_LIBRARY_PATH=/home/john/ros2_ws_winter_devlin/install/custom_interfaces/lib:${LD_LIBRARY_PATH} PYTHONPATH=/home/john/ros2_ws_winter_devlin/install/custom_interfaces/local/lib/python3.10/dist-packages:${PYTHONPATH} /usr/bin/cmake --build /home/john/ros2_ws_winter_devlin/build/robot_simulator_cpp -- -j20 -l20[0m
[9.136s] [34mcolcon.colcon_core.event_handler.log_command[0m [1;30mDEBUG[0m [32mInvoked command in '/home/john/ros2_ws_winter_devlin/build/robot_simulator_cpp' returned '0': AMENT_PREFIX_PATH=/home/john/ros2_ws_winter_devlin/install/custom_interfaces:${AMENT_PREFIX_PATH} CMAKE_PREFIX_PATH=/home/john/ros2_ws_winter_devlin/install/custom_interfaces:/opt/ros/humble LD_LIBRARY_PATH=/home/john/ros2_ws_winter_devlin/install/custom_interfaces/lib:${LD_LIBRARY_PATH} PYTHONPATH=/home/john/ros2_ws_winter_devlin/install/custom_interfaces/local/lib/python3.10/dist-packages:${PYTHONPATH} /usr/bin/cmake --build /home/john/ros2_ws_winter_devlin/build/robot_simulator_cpp -- -j20 -l20[0m
[9.136s] [34mcolcon.colcon_core.event_handler.log_command[0m [1;30mDEBUG[0m [32mInvoking command in '/home/john/ros2_ws_winter_devlin/build/robot_simulator_cpp': AMENT_PREFIX_PATH=/home/john/ros2_ws_winter_devlin/install/custom_interfaces:${AMENT_PREFIX_PATH} CMAKE_PREFIX_PATH=/home/john/ros2_ws_winter_devlin/install/custom_interfaces:/opt/ros/humble LD_LIBRARY_PATH=/home/john/ros2_ws_winter_devlin/install/custom_interfaces/lib:${LD_LIBRARY_PATH} PYTHONPATH=/home/john/ros2_ws_winter_devlin/install/custom_interfaces/local/lib/python3.10/dist-packages:${PYTHONPATH} /usr/bin/cmake --install /home/john/ros2_ws_winter_devlin/build/robot_simulator_cpp[0m
[9.143s] [34mcolcon.colcon_core.environment[0m [1;30mLevel 1[0m create_environment_scripts_only(robot_simulator_cpp)
[9.143s] [34mcolcon.colcon_core.event_handler.log_command[0m [1;30mDEBUG[0m [32mInvoked command in '/home/john/ros2_ws_winter_devlin/build/robot_simulator_cpp' returned '0': AMENT_PREFIX_PATH=/home/john/ros2_ws_winter_devlin/install/custom_interfaces:${AMENT_PREFIX_PATH} CMAKE_PREFIX_PATH=/home/john/ros2_ws_winter_devlin/install/custom_interfaces:/opt/ros/humble LD_LIBRARY_PATH=/home/john/ros2_ws_winter_devlin/install/custom_interfaces/lib:${LD_LIBRARY_PATH} PYTHONPATH=/home/john/ros2_ws_winter_devlin/install/custom_interfaces/local/lib/python3.10/dist-packages:${PYTHONPATH} /usr/bin/cmake --install /home/john/ros2_ws_winter_devlin/build/robot_simulator_cpp[0m
[9.143s] [34mcolcon.colcon_core.environment[0m [1;30mLevel 1[0m checking '/home/john/ros2_ws_winter_devlin/install/robot_simulator_cpp' for CMake module files
[9.143s] [34mcolcon.colcon_core.environment[0m [1;30mLevel 1[0m checking '/home/john/ros2_ws_winter_devlin/install/robot_simulator_cpp' for CMake config files
[9.143s] [34mcolcon.colcon_core.shell[0m [1;30mLevel 1[0m create_environment_hook('robot_simulator_cpp', 'cmake_prefix_path')
[9.143s] [34mcolcon.colcon_core.shell[0m [1;30mINFO[0m Creating environment hook '/home/john/ros2_ws_winter_devlin/install/robot_simulator_cpp/share/robot_simulator_cpp/hook/cmake_prefix_path.ps1'
[9.144s] [34mcolcon.colcon_core.shell[0m [1;30mINFO[0m Creating environment descriptor '/home/john/ros2_ws_winter_devlin/install/robot_simulator_cpp/share/robot_simulator_cpp/hook/cmake_prefix_path.dsv'
[9.144s] [34mcolcon.colcon_core.shell[0m [1;30mINFO[0m Creating environment hook '/home/john/ros2_ws_winter_devlin/install/robot_simulator_cpp/share/robot_simulator_cpp/hook/cmake_prefix_path.sh'
[9.144s] [34mcolcon.colcon_core.environment[0m [1;30mLevel 1[0m checking '/home/john/ros2_ws_winter_devlin/install/robot_simulator_cpp/lib'
[9.144s] [34mcolcon.colcon_core.environment[0m [1;30mLevel 1[0m checking '/home/john/ros2_ws_winter_devlin/install/robot_simulator_cpp/bin'
[9.144s] [34mcolcon.colcon_core.environment[0m [1;30mLevel 1[0m checking '/home/john/ros2_ws_winter_devlin/install/robot_simulator_cpp/lib/pkgconfig/robot_simulator_cpp.pc'
[9.144s] [34mcolcon.colcon_core.environment[0m [1;30mLevel 1[0m checking '/home/john/ros2_ws_winter_devlin/install/robot_simulator_cpp/lib/python3.10/site-packages'
[9.144s] [34mcolcon.colcon_core.environment[0m [1;30mLevel 1[0m checking '/home/john/ros2_ws_winter_devlin/install/robot_simulator_cpp/bin'
[9.145s] [34mcolcon.colcon_core.shell[0m [1;30mINFO[0m Creating package script '/home/john/ros2_ws_winter_devlin/install/robot_simulator_cpp/share/robot_simulator_cpp/package.ps1'
[9.145s] [34mcolcon.colcon_core.shell[0m [1;30mINFO[0m Creating package descriptor '/home/john/ros2_ws_winter_devlin/install/robot_simulator_cpp/share/robot_simulator_cpp/package.dsv'
[9.145s] [34mcolcon.colcon_core.shell[0m [1;30mINFO[0m Creating package script '/home/john/ros2_ws_winter_devlin/install/robot_simulator_cpp/share/robot_simulator_cpp/package.sh'
[9.145s] [34mcolcon.colcon_core.shell[0m [1;30mINFO[0m Creating package script '/home/john/ros2_ws_winter_devlin/install/robot_simulator_cpp/share/robot_simulator_cpp/package.bash'
[9.145s] [34mcolcon.colcon_core.shell[0m [1;30mINFO[0m Creating package script '/home/john/ros2_ws_winter_devlin/install/robot_simulator_cpp/share/robot_simulator_cpp/package.zsh'
[9.145s] [34mcolcon.colcon_core.environment[0m [1;30mLevel 1[0m create_file_with_runtime_dependencies(/home/john/ros2_ws_winter_devlin/install/robot_simulator_cpp/share/colcon-core/packages/robot_simulator_cpp)
[9.146s] [34mcolcon.colcon_core.environment[0m [1;30mLevel 1[0m create_environment_scripts_only(robot_simulator_cpp)
[9.146s] [34mcolcon.colcon_core.environment[0m [1;30mLevel 1[0m checking '/home/john/ros2_ws_winter_devlin/install/robot_simulator_cpp' for CMake module files
[9.146s] [34mcolcon.colcon_core.environment[0m [1;30mLevel 1[0m checking '/home/john/ros2_ws_winter_devlin/install/robot_simulator_cpp' for CMake config files
[9.146s] [34mcolcon.colcon_core.shell[0m [1;30mLevel 1[0m create_environment_hook('robot_simulator_cpp', 'cmake_prefix_path')
[9.146s] [34mcolcon.colcon_core.shell[0m [1;30mINFO[0m Creating environment hook '/home/john/ros2_ws_winter_devlin/install/robot_simulator_cpp/share/robot_simulator_cpp/hook/cmake_prefix_path.ps1'
[9.146s] [34mcolcon.colcon_core.shell[0m [1;30mINFO[0m Creating environment descriptor '/home/john/ros2_ws_winter_devlin/install/robot_simulator_cpp/share/robot_simulator_cpp/hook/cmake_prefix_path.dsv'
[9.147s] [34mcolcon.colcon_core.shell[0m [1;30mINFO[0m Creating environment hook '/home/john/ros2_ws_winter_devlin/install/robot_simulator_cpp/share/robot_simulator_cpp/hook/cmake_prefix_path.sh'
[9.147s] [34mcolcon.colcon_core.environment[0m [1;30mLevel 1[0m checking '/home/john/ros2_ws_winter_devlin/install/robot_simulator_cpp/lib'
[9.147s] [34mcolcon.colcon_core.environment[0m [1;30mLevel 1[0m checking '/home/john/ros2_ws_winter_devlin/install/robot_simulator_cpp/bin'
[9.147s] [34mcolcon.colcon_core.environment[0m [1;30mLevel 1[0m checking '/home/john/ros2_ws_winter_devlin/install/robot_simulator_cpp/lib/pkgconfig/robot_simulator_cpp.pc'
[9.147s] [34mcolcon.colcon_core.environment[0m [1;30mLevel 1[0m checking '/home/john/ros2_ws_winter_devlin/install/robot_simulator_cpp/lib/python3.10/site-packages'
[9.147s] [34mcolcon.colcon_core.environment[0m [1;30mLevel 1[0m checking '/home/john/ros2_ws_winter_devlin/install/robot_simulator_cpp/bin'
[9.147s] [34mcolcon.colcon_core.shell[0m [1;30mINFO[0m Creating package script '/home/john/ros2_ws_winter_devlin/install/robot_simulator_cpp/share/robot_simulator_cpp/package.ps1'
[9.148s] [34mcolcon.colcon_core.shell[0m [1;30mINFO[0m Creating package descriptor '/home/john/ros2_ws_winter_devlin/install/robot_simulator_cpp/share/robot_simulator_cpp/package.dsv'
[9.148s] [34mcolcon.colcon_core.shell[0m [1;30mINFO[0m Creating package script '/home/john/ros2_ws_winter_devlin/install/robot_simulator_cpp/share/robot_simulator_cpp/package.sh'
[9.148s] [34mcolcon.colcon_core.shell[0m [1;30mINFO[0m Creating package script '/home/john/ros2_ws_winter_devlin/install/robot_simulator_cpp/share/robot_simulator_cpp/package.bash'
[9.148s] [34mcolcon.colcon_core.shell[0m [1;30mINFO[0m Creating package script '/home/john/ros2_ws_winter_devlin/install/robot_simulator_cpp/share/robot_simulator_cpp/package.zsh'
[9.148s] [34mcolcon.colcon_core.environment[0m [1;30mLevel 1[0m create_file_with_runtime_dependencies(/home/john/ros2_ws_winter_devlin/install/robot_simulator_cpp/share/colcon-core/packages/robot_simulator_cpp)
[9.148s] [34mcolcon.colcon_ros.task.ament_cmake.build[0m [1;30mINFO[0m Building ROS package in '/home/john/ros2_ws_winter_devlin/src/robot_bringup' with build type 'ament_cmake'
[9.149s] [34mcolcon.colcon_cmake.task.cmake.build[0m [1;30mINFO[0m Building CMake package in '/home/john/ros2_ws_winter_devlin/src/robot_bringup'
[9.149s] [34mcolcon.colcon_core.shell[0m [1;30mINFO[0m Skip shell extension 'powershell' for command environment: Not usable outside of PowerShell
[9.149s] [34mcolcon.colcon_core.shell[0m [1;30mDEBUG[0m [32mSkip shell extension 'dsv' for command environment[0m
[9.155s] [34mcolcon.colcon_core.event_handler.log_command[0m [1;30mDEBUG[0m [32mInvoking command in '/home/john/ros2_ws_winter_devlin/build/robot_bringup': AMENT_PREFIX_PATH=/home/john/ros2_ws_winter_devlin/install/robot_simulator_cpp:/home/john/ros2_ws_winter_devlin/install/robot_simulator_py:/home/john/ros2_ws_winter_devlin/install/custom_interfaces:${AMENT_PREFIX_PATH} CMAKE_PREFIX_PATH=/home/john/ros2_ws_winter_devlin/install/robot_simulator_cpp:/home/john/ros2_ws_winter_devlin/install/custom_interfaces:/opt/ros/humble LD_LIBRARY_PATH=/home/john/ros2_ws_winter_devlin/install/custom_interfaces/lib:${LD_LIBRARY_PATH} PYTHONPATH=/home/john/ros2_ws_winter_devlin/install/robot_simulator_py/lib/python3.10/site-packages:/home/john/ros2_ws_winter_devlin/install/custom_interfaces/local/lib/python3.10/dist-packages:${PYTHONPATH} /usr/bin/cmake /home/john/ros2_ws_winter_devlin/src/robot_bringup -DCMAKE_INSTALL_PREFIX=/home/john/ros2_ws_winter_devlin/install/robot_bringup[0m
[9.553s] [34mcolcon.colcon_core.event_handler.log_command[0m [1;30mDEBUG[0m [32mInvoked command in '/home/john/ros2_ws_winter_devlin/build/robot_bringup' returned '0': AMENT_PREFIX_PATH=/home/john/ros2_ws_winter_devlin/install/robot_simulator_cpp:/home/john/ros2_ws_winter_devlin/install/robot_simulator_py:/home/john/ros2_ws_winter_devlin/install/custom_interfaces:${AMENT_PREFIX_PATH} CMAKE_PREFIX_PATH=/home/john/ros2_ws_winter_devlin/install/robot_simulator_cpp:/home/john/ros2_ws_winter_devlin/install/custom_interfaces:/opt/ros/humble LD_LIBRARY_PATH=/home/john/ros2_ws_winter_devlin/install/custom_interfaces/lib:${LD_LIBRARY_PATH} PYTHONPATH=/home/john/ros2_ws_winter_devlin/install/robot_simulator_py/lib/python3.10/site-packages:/home/john/ros2_ws_winter_devlin/install/custom_interfaces/local/lib/python3.10/dist-packages:${PYTHONPATH} /usr/bin/cmake /home/john/ros2_ws_winter_devlin/src/robot_bringup -DCMAKE_INSTALL_PREFIX=/home/john/ros2_ws_winter_devlin/install/robot_bringup[0m
[9.553s] [34mcolcon.colcon_core.event_handler.log_command[0m [1;30mDEBUG[0m [32mInvoking command in '/home/john/ros2_ws_winter_devlin/build/robot_bringup': AMENT_PREFIX_PATH=/home/john/ros2_ws_winter_devlin/install/robot_simulator_cpp:/home/john/ros2_ws_winter_devlin/install/robot_simulator_py:/home/john/ros2_ws_winter_devlin/install/custom_interfaces:${AMENT_PREFIX_PATH} CMAKE_PREFIX_PATH=/home/john/ros2_ws_winter_devlin/install/robot_simulator_cpp:/home/john/ros2_ws_winter_devlin/install/custom_interfaces:/opt/ros/humble LD_LIBRARY_PATH=/home/john/ros2_ws_winter_devlin/install/custom_interfaces/lib:${LD_LIBRARY_PATH} PYTHONPATH=/home/john/ros2_ws_winter_devlin/install/robot_simulator_py/lib/python3.10/site-packages:/home/john/ros2_ws_winter_devlin/install/custom_interfaces/local/lib/python3.10/dist-packages:${PYTHONPATH} /usr/bin/cmake --build /home/john/ros2_ws_winter_devlin/build/robot_bringup -- -j20 -l20[0m
[9.576s] [34mcolcon.colcon_core.event_handler.log_command[0m [1;30mDEBUG[0m [32mInvoked command in '/home/john/ros2_ws_winter_devlin/build/robot_bringup' returned '0': AMENT_PREFIX_PATH=/home/john/ros2_ws_winter_devlin/install/robot_simulator_cpp:/home/john/ros2_ws_winter_devlin/install/robot_simulator_py:/home/john/ros2_ws_winter_devlin/install/custom_interfaces:${AMENT_PREFIX_PATH} CMAKE_PREFIX_PATH=/home/john/ros2_ws_winter_devlin/install/robot_simulator_cpp:/home/john/ros2_ws_winter_devlin/install/custom_interfaces:/opt/ros/humble LD_LIBRARY_PATH=/home/john/ros2_ws_winter_devlin/install/custom_interfaces/lib:${LD_LIBRARY_PATH} PYTHONPATH=/home/john/ros2_ws_winter_devlin/install/robot_simulator_py/lib/python3.10/site-packages:/home/john/ros2_ws_winter_devlin/install/custom_interfaces/local/lib/python3.10/dist-packages:${PYTHONPATH} /usr/bin/cmake --build /home/john/ros2_ws_winter_devlin/build/robot_bringup -- -j20 -l20[0m
[9.578s] [34mcolcon.colcon_core.event_handler.log_command[0m [1;30mDEBUG[0m [32mInvoking command in '/home/john/ros2_ws_winter_devlin/build/robot_bringup': AMENT_PREFIX_PATH=/home/john/ros2_ws_winter_devlin/install/robot_simulator_cpp:/home/john/ros2_ws_winter_devlin/install/robot_simulator_py:/home/john/ros2_ws_winter_devlin/install/custom_interfaces:${AMENT_PREFIX_PATH} CMAKE_PREFIX_PATH=/home/john/ros2_ws_winter_devlin/install/robot_simulator_cpp:/home/john/ros2_ws_winter_devlin/install/custom_interfaces:/opt/ros/humble LD_LIBRARY_PATH=/home/john/ros2_ws_winter_devlin/install/custom_interfaces/lib:${LD_LIBRARY_PATH} PYTHONPATH=/home/john/ros2_ws_winter_devlin/install/robot_simulator_py/lib/python3.10/site-packages:/home/john/ros2_ws_winter_devlin/install/custom_interfaces/local/lib/python3.10/dist-packages:${PYTHONPATH} /usr/bin/cmake --install /home/john/ros2_ws_winter_devlin/build/robot_bringup[0m
[9.586s] [34mcolcon.colcon_core.environment[0m [1;30mLevel 1[0m create_environment_scripts_only(robot_bringup)
[9.587s] [34mcolcon.colcon_core.environment[0m [1;30mLevel 1[0m checking '/home/john/ros2_ws_winter_devlin/install/robot_bringup' for CMake module files
[9.587s] [34mcolcon.colcon_core.event_handler.log_command[0m [1;30mDEBUG[0m [32mInvoked command in '/home/john/ros2_ws_winter_devlin/build/robot_bringup' returned '0': AMENT_PREFIX_PATH=/home/john/ros2_ws_winter_devlin/install/robot_simulator_cpp:/home/john/ros2_ws_winter_devlin/install/robot_simulator_py:/home/john/ros2_ws_winter_devlin/install/custom_interfaces:${AMENT_PREFIX_PATH} CMAKE_PREFIX_PATH=/home/john/ros2_ws_winter_devlin/install/robot_simulator_cpp:/home/john/ros2_ws_winter_devlin/install/custom_interfaces:/opt/ros/humble LD_LIBRARY_PATH=/home/john/ros2_ws_winter_devlin/install/custom_interfaces/lib:${LD_LIBRARY_PATH} PYTHONPATH=/home/john/ros2_ws_winter_devlin/install/robot_simulator_py/lib/python3.10/site-packages:/home/john/ros2_ws_winter_devlin/install/custom_interfaces/local/lib/python3.10/dist-packages:${PYTHONPATH} /usr/bin/cmake --install /home/john/ros2_ws_winter_devlin/build/robot_bringup[0m
[9.587s] [34mcolcon.colcon_core.environment[0m [1;30mLevel 1[0m checking '/home/john/ros2_ws_winter_devlin/install/robot_bringup' for CMake config files
[9.588s] [34mcolcon.colcon_core.shell[0m [1;30mLevel 1[0m create_environment_hook('robot_bringup', 'cmake_prefix_path')
[9.588s] [34mcolcon.colcon_core.shell[0m [1;30mINFO[0m Creating environment hook '/home/john/ros2_ws_winter_devlin/install/robot_bringup/share/robot_bringup/hook/cmake_prefix_path.ps1'
[9.588s] [34mcolcon.colcon_core.shell[0m [1;30mINFO[0m Creating environment descriptor '/home/john/ros2_ws_winter_devlin/install/robot_bringup/share/robot_bringup/hook/cmake_prefix_path.dsv'
[9.588s] [34mcolcon.colcon_core.shell[0m [1;30mINFO[0m Creating environment hook '/home/john/ros2_ws_winter_devlin/install/robot_bringup/share/robot_bringup/hook/cmake_prefix_path.sh'
[9.589s] [34mcolcon.colcon_core.environment[0m [1;30mLevel 1[0m checking '/home/john/ros2_ws_winter_devlin/install/robot_bringup/bin'
[9.589s] [34mcolcon.colcon_core.environment[0m [1;30mLevel 1[0m checking '/home/john/ros2_ws_winter_devlin/install/robot_bringup/lib/pkgconfig/robot_bringup.pc'
[9.589s] [34mcolcon.colcon_core.environment[0m [1;30mLevel 1[0m checking '/home/john/ros2_ws_winter_devlin/install/robot_bringup/lib/python3.10/site-packages'
[9.589s] [34mcolcon.colcon_core.environment[0m [1;30mLevel 1[0m checking '/home/john/ros2_ws_winter_devlin/install/robot_bringup/bin'
[9.589s] [34mcolcon.colcon_core.shell[0m [1;30mINFO[0m Creating package script '/home/john/ros2_ws_winter_devlin/install/robot_bringup/share/robot_bringup/package.ps1'
[9.589s] [34mcolcon.colcon_core.shell[0m [1;30mINFO[0m Creating package descriptor '/home/john/ros2_ws_winter_devlin/install/robot_bringup/share/robot_bringup/package.dsv'
[9.590s] [34mcolcon.colcon_core.shell[0m [1;30mINFO[0m Creating package script '/home/john/ros2_ws_winter_devlin/install/robot_bringup/share/robot_bringup/package.sh'
[9.590s] [34mcolcon.colcon_core.shell[0m [1;30mINFO[0m Creating package script '/home/john/ros2_ws_winter_devlin/install/robot_bringup/share/robot_bringup/package.bash'
[9.590s] [34mcolcon.colcon_core.shell[0m [1;30mINFO[0m Creating package script '/home/john/ros2_ws_winter_devlin/install/robot_bringup/share/robot_bringup/package.zsh'
[9.590s] [34mcolcon.colcon_core.environment[0m [1;30mLevel 1[0m create_file_with_runtime_dependencies(/home/john/ros2_ws_winter_devlin/install/robot_bringup/share/colcon-core/packages/robot_bringup)
[9.590s] [34mcolcon.colcon_core.environment[0m [1;30mLevel 1[0m create_environment_scripts_only(robot_bringup)
[9.590s] [34mcolcon.colcon_core.environment[0m [1;30mLevel 1[0m checking '/home/john/ros2_ws_winter_devlin/install/robot_bringup' for CMake module files
[9.591s] [34mcolcon.colcon_core.environment[0m [1;30mLevel 1[0m checking '/home/john/ros2_ws_winter_devlin/install/robot_bringup' for CMake config files
[9.591s] [34mcolcon.colcon_core.shell[0m [1;30mLevel 1[0m create_environment_hook('robot_bringup', 'cmake_prefix_path')
[9.591s] [34mcolcon.colcon_core.shell[0m [1;30mINFO[0m Creating environment hook '/home/john/ros2_ws_winter_devlin/install/robot_bringup/share/robot_bringup/hook/cmake_prefix_path.ps1'
[9.591s] [34mcolcon.colcon_core.shell[0m [1;30mINFO[0m Creating environment descriptor '/home/john/ros2_ws_winter_devlin/install/robot_bringup/share/robot_bringup/hook/cmake_prefix_path.dsv'
[9.591s] [34mcolcon.colcon_core.shell[0m [1;30mINFO[0m Creating environment hook '/home/john/ros2_ws_winter_devlin/install/robot_bringup/share/robot_bringup/hook/cmake_prefix_path.sh'
[9.591s] [34mcolcon.colcon_core.environment[0m [1;30mLevel 1[0m checking '/home/john/ros2_ws_winter_devlin/install/robot_bringup/bin'
[9.592s] [34mcolcon.colcon_core.environment[0m [1;30mLevel 1[0m checking '/home/john/ros2_ws_winter_devlin/install/robot_bringup/lib/pkgconfig/robot_bringup.pc'
[9.592s] [34mcolcon.colcon_core.environment[0m [1;30mLevel 1[0m checking '/home/john/ros2_ws_winter_devlin/install/robot_bringup/lib/python3.10/site-packages'
[9.592s] [34mcolcon.colcon_core.environment[0m [1;30mLevel 1[0m checking '/home/john/ros2_ws_winter_devlin/install/robot_bringup/bin'
[9.592s] [34mcolcon.colcon_core.shell[0m [1;30mINFO[0m Creating package script '/home/john/ros2_ws_winter_devlin/install/robot_bringup/share/robot_bringup/package.ps1'
[9.592s] [34mcolcon.colcon_core.shell[0m [1;30mINFO[0m Creating package descriptor '/home/john/ros2_ws_winter_devlin/install/robot_bringup/share/robot_bringup/package.dsv'
[9.592s] [34mcolcon.colcon_core.shell[0m [1;30mINFO[0m Creating package script '/home/john/ros2_ws_winter_devlin/install/robot_bringup/share/robot_bringup/package.sh'
[9.593s] [34mcolcon.colcon_core.shell[0m [1;30mINFO[0m Creating package script '/home/john/ros2_ws_winter_devlin/install/robot_bringup/share/robot_bringup/package.bash'
[9.593s] [34mcolcon.colcon_core.shell[0m [1;30mINFO[0m Creating package script '/home/john/ros2_ws_winter_devlin/install/robot_bringup/share/robot_bringup/package.zsh'
[9.593s] [34mcolcon.colcon_core.environment[0m [1;30mLevel 1[0m create_file_with_runtime_dependencies(/home/john/ros2_ws_winter_devlin/install/robot_bringup/share/colcon-core/packages/robot_bringup)
[9.593s] [34mcolcon.colcon_parallel_executor.executor.parallel[0m [1;30mDEBUG[0m [32mclosing loop[0m
[9.593s] [34mcolcon.colcon_parallel_executor.executor.parallel[0m [1;30mDEBUG[0m [32mloop closed[0m
[9.593s] [34mcolcon.colcon_parallel_executor.executor.parallel[0m [1;30mDEBUG[0m [32mrun_until_complete finished with '0'[0m
[9.593s] [34mcolcon.colcon_core.event_reactor[0m [1;30mDEBUG[0m [32mjoining thread[0m
[9.597s] [34mcolcon.colcon_core.plugin_system[0m [1;30mINFO[0m Skipping extension 'colcon_notification.desktop_notification.terminal_notifier': Not used on non-Darwin systems
[9.598s] [34mcolcon.colcon_core.plugin_system[0m [1;30mINFO[0m Skipping extension 'colcon_notification.desktop_notification.win32': Not used on non-Windows systems
[9.598s] [34mcolcon.colcon_notification.desktop_notification[0m [1;30mINFO[0m Sending desktop notification using 'notify2'
[9.607s] [34mcolcon.colcon_core.event_reactor[0m [1;30mDEBUG[0m [32mjoined thread[0m
[9.608s] [34mcolcon.colcon_core.shell[0m [1;30mINFO[0m Creating prefix script '/home/john/ros2_ws_winter_devlin/install/local_setup.ps1'
[9.608s] [34mcolcon.colcon_core.shell[0m [1;30mINFO[0m Creating prefix util module '/home/john/ros2_ws_winter_devlin/install/_local_setup_util_ps1.py'
[9.609s] [34mcolcon.colcon_core.shell[0m [1;30mINFO[0m Creating prefix chain script '/home/john/ros2_ws_winter_devlin/install/setup.ps1'
[9.609s] [34mcolcon.colcon_core.shell[0m [1;30mINFO[0m Creating prefix script '/home/john/ros2_ws_winter_devlin/install/local_setup.sh'
[9.609s] [34mcolcon.colcon_core.shell[0m [1;30mINFO[0m Creating prefix util module '/home/john/ros2_ws_winter_devlin/install/_local_setup_util_sh.py'
[9.610s] [34mcolcon.colcon_core.shell[0m [1;30mINFO[0m Creating prefix chain script '/home/john/ros2_ws_winter_devlin/install/setup.sh'
[9.610s] [34mcolcon.colcon_core.shell[0m [1;30mINFO[0m Creating prefix script '/home/john/ros2_ws_winter_devlin/install/local_setup.bash'
[9.610s] [34mcolcon.colcon_core.shell[0m [1;30mINFO[0m Creating prefix chain script '/home/john/ros2_ws_winter_devlin/install/setup.bash'
[9.611s] [34mcolcon.colcon_core.shell[0m [1;30mINFO[0m Creating prefix script '/home/john/ros2_ws_winter_devlin/install/local_setup.zsh'
[9.611s] [34mcolcon.colcon_core.shell[0m [1;30mINFO[0m Creating prefix chain script '/home/john/ros2_ws_winter_devlin/install/setup.zsh'
