[0.006s] Invoking command in '/home/john/ros2_ws_winter_devlin/build/robot_simulator_cpp': AMENT_PREFIX_PATH=/home/john/ros2_ws_winter_devlin/install/custom_interfaces:${AMENT_PREFIX_PATH} CMAKE_PREFIX_PATH=/home/john/ros2_ws_winter_devlin/install/custom_interfaces:/opt/ros/humble LD_LIBRARY_PATH=/home/john/ros2_ws_winter_devlin/install/custom_interfaces/lib:${LD_LIBRARY_PATH} PYTHONPATH=/home/john/ros2_ws_winter_devlin/install/custom_interfaces/local/lib/python3.10/dist-packages:${PYTHONPATH} /usr/bin/cmake /home/john/ros2_ws_winter_devlin/src/robot_simulator_cpp -DCMAKE_INSTALL_PREFIX=/home/john/ros2_ws_winter_devlin/install/robot_simulator_cpp
[0.040s] -- The C compiler identification is GNU 11.4.0
[0.073s] -- The CXX compiler identification is GNU 11.4.0
[0.077s] -- Detecting C compiler ABI info
[0.124s] -- Detecting C compiler ABI info - done
[0.129s] -- Check for working C compiler: /usr/bin/cc - skipped
[0.129s] -- Detecting C compile features
[0.129s] -- Detecting C compile features - done
[0.131s] -- Detecting CXX compiler ABI info
[0.182s] -- Detecting CXX compiler ABI info - done
[0.186s] -- Check for working CXX compiler: /usr/bin/c++ - skipped
[0.186s] -- Detecting CXX compile features
[0.186s] -- Detecting CXX compile features - done
[0.187s] -- Found ament_cmake: 1.3.12 (/opt/ros/humble/share/ament_cmake/cmake)
[0.284s] -- Found Python3: /usr/bin/python3 (found version "3.10.12") found components: Interpreter 
[0.334s] -- Found rclcpp: 16.0.15 (/opt/ros/humble/share/rclcpp/cmake)
[0.354s] -- Found rosidl_generator_c: 3.1.7 (/opt/ros/humble/share/rosidl_generator_c/cmake)
[0.357s] -- Found rosidl_adapter: 3.1.7 (/opt/ros/humble/share/rosidl_adapter/cmake)
[0.361s] -- Found rosidl_generator_cpp: 3.1.7 (/opt/ros/humble/share/rosidl_generator_cpp/cmake)
[0.368s] -- Using all available rosidl_typesupport_c: rosidl_typesupport_fastrtps_c;rosidl_typesupport_introspection_c
[0.377s] -- Using all available rosidl_typesupport_cpp: rosidl_typesupport_fastrtps_cpp;rosidl_typesupport_introspection_cpp
[0.400s] -- Found rmw_implementation_cmake: 6.1.2 (/opt/ros/humble/share/rmw_implementation_cmake/cmake)
[0.402s] -- Found rmw_fastrtps_cpp: 6.2.9 (/opt/ros/humble/share/rmw_fastrtps_cpp/cmake)
[0.458s] -- Found OpenSSL: /usr/lib/x86_64-linux-gnu/libcrypto.so (found version "3.0.2")  
[0.474s] -- Found FastRTPS: /opt/ros/humble/include  
[0.499s] -- Using RMW implementation 'rmw_fastrtps_cpp' as default
[0.503s] -- Looking for pthread.h
[0.550s] -- Looking for pthread.h - found
[0.550s] -- Performing Test CMAKE_HAVE_LIBC_PTHREAD
[0.600s] -- Performing Test CMAKE_HAVE_LIBC_PTHREAD - Success
[0.601s] -- Found Threads: TRUE  
[0.628s] -- Found geometry_msgs: 4.9.0 (/opt/ros/humble/share/geometry_msgs/cmake)
[0.635s] -- Found tf2_msgs: 0.25.16 (/opt/ros/humble/share/tf2_msgs/cmake)
[0.660s] -- Found tf2_ros: 0.25.16 (/opt/ros/humble/share/tf2_ros/cmake)
[0.690s] -- Found tf2_geometry_msgs: 0.25.16 (/opt/ros/humble/share/tf2_geometry_msgs/cmake)
[0.697s] -- Found eigen3_cmake_module: 0.1.1 (/opt/ros/humble/share/eigen3_cmake_module/cmake)
[0.698s] -- Found Eigen3: TRUE (found version "3.4.0") 
[0.698s] -- Ensuring Eigen3 include directory is part of orocos-kdl CMake target
[0.699s] -- Found custom_interfaces: 0.0.0 (/home/john/ros2_ws_winter_devlin/install/custom_interfaces/share/custom_interfaces/cmake)
[0.717s] -- Found nav_msgs: 4.9.0 (/opt/ros/humble/share/nav_msgs/cmake)
[0.777s] -- Configuring done
[0.783s] -- Generating done
[0.786s] -- Build files have been written to: /home/john/ros2_ws_winter_devlin/build/robot_simulator_cpp
[0.793s] Invoked command in '/home/john/ros2_ws_winter_devlin/build/robot_simulator_cpp' returned '0': AMENT_PREFIX_PATH=/home/john/ros2_ws_winter_devlin/install/custom_interfaces:${AMENT_PREFIX_PATH} CMAKE_PREFIX_PATH=/home/john/ros2_ws_winter_devlin/install/custom_interfaces:/opt/ros/humble LD_LIBRARY_PATH=/home/john/ros2_ws_winter_devlin/install/custom_interfaces/lib:${LD_LIBRARY_PATH} PYTHONPATH=/home/john/ros2_ws_winter_devlin/install/custom_interfaces/local/lib/python3.10/dist-packages:${PYTHONPATH} /usr/bin/cmake /home/john/ros2_ws_winter_devlin/src/robot_simulator_cpp -DCMAKE_INSTALL_PREFIX=/home/john/ros2_ws_winter_devlin/install/robot_simulator_cpp
[0.793s] Invoking command in '/home/john/ros2_ws_winter_devlin/build/robot_simulator_cpp': AMENT_PREFIX_PATH=/home/john/ros2_ws_winter_devlin/install/custom_interfaces:${AMENT_PREFIX_PATH} CMAKE_PREFIX_PATH=/home/john/ros2_ws_winter_devlin/install/custom_interfaces:/opt/ros/humble LD_LIBRARY_PATH=/home/john/ros2_ws_winter_devlin/install/custom_interfaces/lib:${LD_LIBRARY_PATH} PYTHONPATH=/home/john/ros2_ws_winter_devlin/install/custom_interfaces/local/lib/python3.10/dist-packages:${PYTHONPATH} /usr/bin/cmake --build /home/john/ros2_ws_winter_devlin/build/robot_simulator_cpp -- -j20 -l20
[0.829s] [ 50%] [32mBuilding CXX object CMakeFiles/odometry_node.dir/src/publisher_member_function.cpp.o[0m
[6.123s] [100%] [32m[1mLinking CXX executable odometry_node[0m
[6.425s] [100%] Built target odometry_node
[6.437s] Invoked command in '/home/john/ros2_ws_winter_devlin/build/robot_simulator_cpp' returned '0': AMENT_PREFIX_PATH=/home/john/ros2_ws_winter_devlin/install/custom_interfaces:${AMENT_PREFIX_PATH} CMAKE_PREFIX_PATH=/home/john/ros2_ws_winter_devlin/install/custom_interfaces:/opt/ros/humble LD_LIBRARY_PATH=/home/john/ros2_ws_winter_devlin/install/custom_interfaces/lib:${LD_LIBRARY_PATH} PYTHONPATH=/home/john/ros2_ws_winter_devlin/install/custom_interfaces/local/lib/python3.10/dist-packages:${PYTHONPATH} /usr/bin/cmake --build /home/john/ros2_ws_winter_devlin/build/robot_simulator_cpp -- -j20 -l20
[6.437s] Invoking command in '/home/john/ros2_ws_winter_devlin/build/robot_simulator_cpp': AMENT_PREFIX_PATH=/home/john/ros2_ws_winter_devlin/install/custom_interfaces:${AMENT_PREFIX_PATH} CMAKE_PREFIX_PATH=/home/john/ros2_ws_winter_devlin/install/custom_interfaces:/opt/ros/humble LD_LIBRARY_PATH=/home/john/ros2_ws_winter_devlin/install/custom_interfaces/lib:${LD_LIBRARY_PATH} PYTHONPATH=/home/john/ros2_ws_winter_devlin/install/custom_interfaces/local/lib/python3.10/dist-packages:${PYTHONPATH} /usr/bin/cmake --install /home/john/ros2_ws_winter_devlin/build/robot_simulator_cpp
[6.441s] -- Install configuration: ""
[6.441s] -- Installing: /home/john/ros2_ws_winter_devlin/install/robot_simulator_cpp/lib/robot_simulator_cpp/odometry_node
[6.443s] -- Set runtime path of "/home/john/ros2_ws_winter_devlin/install/robot_simulator_cpp/lib/robot_simulator_cpp/odometry_node" to ""
[6.443s] -- Installing: /home/john/ros2_ws_winter_devlin/install/robot_simulator_cpp/share/ament_index/resource_index/package_run_dependencies/robot_simulator_cpp
[6.443s] -- Installing: /home/john/ros2_ws_winter_devlin/install/robot_simulator_cpp/share/ament_index/resource_index/parent_prefix_path/robot_simulator_cpp
[6.443s] -- Installing: /home/john/ros2_ws_winter_devlin/install/robot_simulator_cpp/share/robot_simulator_cpp/environment/ament_prefix_path.sh
[6.443s] -- Installing: /home/john/ros2_ws_winter_devlin/install/robot_simulator_cpp/share/robot_simulator_cpp/environment/ament_prefix_path.dsv
[6.443s] -- Installing: /home/john/ros2_ws_winter_devlin/install/robot_simulator_cpp/share/robot_simulator_cpp/environment/path.sh
[6.443s] -- Installing: /home/john/ros2_ws_winter_devlin/install/robot_simulator_cpp/share/robot_simulator_cpp/environment/path.dsv
[6.443s] -- Installing: /home/john/ros2_ws_winter_devlin/install/robot_simulator_cpp/share/robot_simulator_cpp/local_setup.bash
[6.443s] -- Installing: /home/john/ros2_ws_winter_devlin/install/robot_simulator_cpp/share/robot_simulator_cpp/local_setup.sh
[6.443s] -- Installing: /home/john/ros2_ws_winter_devlin/install/robot_simulator_cpp/share/robot_simulator_cpp/local_setup.zsh
[6.443s] -- Installing: /home/john/ros2_ws_winter_devlin/install/robot_simulator_cpp/share/robot_simulator_cpp/local_setup.dsv
[6.443s] -- Installing: /home/john/ros2_ws_winter_devlin/install/robot_simulator_cpp/share/robot_simulator_cpp/package.dsv
[6.443s] -- Installing: /home/john/ros2_ws_winter_devlin/install/robot_simulator_cpp/share/ament_index/resource_index/packages/robot_simulator_cpp
[6.443s] -- Installing: /home/john/ros2_ws_winter_devlin/install/robot_simulator_cpp/share/robot_simulator_cpp/cmake/robot_simulator_cppConfig.cmake
[6.443s] -- Installing: /home/john/ros2_ws_winter_devlin/install/robot_simulator_cpp/share/robot_simulator_cpp/cmake/robot_simulator_cppConfig-version.cmake
[6.443s] -- Installing: /home/john/ros2_ws_winter_devlin/install/robot_simulator_cpp/share/robot_simulator_cpp/package.xml
[6.444s] Invoked command in '/home/john/ros2_ws_winter_devlin/build/robot_simulator_cpp' returned '0': AMENT_PREFIX_PATH=/home/john/ros2_ws_winter_devlin/install/custom_interfaces:${AMENT_PREFIX_PATH} CMAKE_PREFIX_PATH=/home/john/ros2_ws_winter_devlin/install/custom_interfaces:/opt/ros/humble LD_LIBRARY_PATH=/home/john/ros2_ws_winter_devlin/install/custom_interfaces/lib:${LD_LIBRARY_PATH} PYTHONPATH=/home/john/ros2_ws_winter_devlin/install/custom_interfaces/local/lib/python3.10/dist-packages:${PYTHONPATH} /usr/bin/cmake --install /home/john/ros2_ws_winter_devlin/build/robot_simulator_cpp
